CRITICAL - 2023-07-07 03:06:09 --> Invalid file: "profile.php"
in SYSTEMPATH\Exceptions\FrameworkException.php on line 33.
 1 SYSTEMPATH\View\View.php(201): CodeIgniter\Exceptions\FrameworkException::forInvalidFile('profile.php')
 2 SYSTEMPATH\Common.php(1184): CodeIgniter\View\View->render('profile', [], true)
 3 APPPATH\Controllers\FormController.php(11): view('profile')
 4 SYSTEMPATH\CodeIgniter.php(934): App\Controllers\FormController->profile()
 5 SYSTEMPATH\CodeIgniter.php(499): CodeIgniter\CodeIgniter->runController(Object(App\Controllers\FormController))
 6 SYSTEMPATH\CodeIgniter.php(368): CodeIgniter\CodeIgniter->handleRequest(null, Object(Config\Cache), false)
 7 FCPATH\index.php(67): CodeIgniter\CodeIgniter->run()
 8 SYSTEMPATH\Commands\Server\rewrite.php(47): require_once('D:\\prakwebprog\\public\\index.php')
CRITICAL - 2023-07-07 03:07:32 --> Invalid file: "experience.php"
in SYSTEMPATH\Exceptions\FrameworkException.php on line 33.
 1 SYSTEMPATH\View\View.php(201): CodeIgniter\Exceptions\FrameworkException::forInvalidFile('experience.php')
 2 SYSTEMPATH\Common.php(1184): CodeIgniter\View\View->render('experience', [], true)
 3 APPPATH\Controllers\FormController.php(15): view('experience')
 4 SYSTEMPATH\CodeIgniter.php(934): App\Controllers\FormController->experience()
 5 SYSTEMPATH\CodeIgniter.php(499): CodeIgniter\CodeIgniter->runController(Object(App\Controllers\FormController))
 6 SYSTEMPATH\CodeIgniter.php(368): CodeIgniter\CodeIgniter->handleRequest(null, Object(Config\Cache), false)
 7 FCPATH\index.php(67): CodeIgniter\CodeIgniter->run()
 8 SYSTEMPATH\Commands\Server\rewrite.php(47): require_once('D:\\prakwebprog\\public\\index.php')
CRITICAL - 2023-07-07 03:08:15 --> Invalid file: "experience.php"
in SYSTEMPATH\Exceptions\FrameworkException.php on line 33.
 1 SYSTEMPATH\View\View.php(201): CodeIgniter\Exceptions\FrameworkException::forInvalidFile('experience.php')
 2 SYSTEMPATH\Common.php(1184): CodeIgniter\View\View->render('experience', [], true)
 3 APPPATH\Controllers\FormController.php(15): view('experience')
 4 SYSTEMPATH\CodeIgniter.php(934): App\Controllers\FormController->experience()
 5 SYSTEMPATH\CodeIgniter.php(499): CodeIgniter\CodeIgniter->runController(Object(App\Controllers\FormController))
 6 SYSTEMPATH\CodeIgniter.php(368): CodeIgniter\CodeIgniter->handleRequest(null, Object(Config\Cache), false)
 7 FCPATH\index.php(67): CodeIgniter\CodeIgniter->run()
 8 SYSTEMPATH\Commands\Server\rewrite.php(47): require_once('D:\\prakwebprog\\public\\index.php')
CRITICAL - 2023-07-07 03:08:52 --> Invalid file: "experience.php"
in SYSTEMPATH\Exceptions\FrameworkException.php on line 33.
 1 SYSTEMPATH\View\View.php(201): CodeIgniter\Exceptions\FrameworkException::forInvalidFile('experience.php')
 2 SYSTEMPATH\Common.php(1184): CodeIgniter\View\View->render('experience.php', [], true)
 3 APPPATH\Controllers\FormController.php(15): view('experience.php')
 4 SYSTEMPATH\CodeIgniter.php(934): App\Controllers\FormController->experience()
 5 SYSTEMPATH\CodeIgniter.php(499): CodeIgniter\CodeIgniter->runController(Object(App\Controllers\FormController))
 6 SYSTEMPATH\CodeIgniter.php(368): CodeIgniter\CodeIgniter->handleRequest(null, Object(Config\Cache), false)
 7 FCPATH\index.php(67): CodeIgniter\CodeIgniter->run()
 8 SYSTEMPATH\Commands\Server\rewrite.php(47): require_once('D:\\prakwebprog\\public\\index.php')
CRITICAL - 2023-07-07 03:11:18 --> Invalid file: "leyout/experience.php"
in SYSTEMPATH\Exceptions\FrameworkException.php on line 33.
 1 SYSTEMPATH\View\View.php(201): CodeIgniter\Exceptions\FrameworkException::forInvalidFile('leyout/experience.php')
 2 SYSTEMPATH\Common.php(1184): CodeIgniter\View\View->render('leyout/experience', [], true)
 3 APPPATH\Controllers\FormController.php(15): view('leyout/experience')
 4 SYSTEMPATH\CodeIgniter.php(934): App\Controllers\FormController->experience()
 5 SYSTEMPATH\CodeIgniter.php(499): CodeIgniter\CodeIgniter->runController(Object(App\Controllers\FormController))
 6 SYSTEMPATH\CodeIgniter.php(368): CodeIgniter\CodeIgniter->handleRequest(null, Object(Config\Cache), false)
 7 FCPATH\index.php(67): CodeIgniter\CodeIgniter->run()
 8 SYSTEMPATH\Commands\Server\rewrite.php(47): require_once('D:\\prakwebprog\\public\\index.php')
CRITICAL - 2023-07-07 03:11:26 --> Invalid file: "layout.php"
in SYSTEMPATH\Exceptions\FrameworkException.php on line 33.
 1 SYSTEMPATH\View\View.php(201): CodeIgniter\Exceptions\FrameworkException::forInvalidFile('layout.php')
 2 SYSTEMPATH\View\View.php(229): CodeIgniter\View\View->render('layout', [], true)
 3 SYSTEMPATH\Common.php(1184): CodeIgniter\View\View->render('layout/profile', [], true)
 4 APPPATH\Controllers\FormController.php(11): view('layout/profile')
 5 SYSTEMPATH\CodeIgniter.php(934): App\Controllers\FormController->profile()
 6 SYSTEMPATH\CodeIgniter.php(499): CodeIgniter\CodeIgniter->runController(Object(App\Controllers\FormController))
 7 SYSTEMPATH\CodeIgniter.php(368): CodeIgniter\CodeIgniter->handleRequest(null, Object(Config\Cache), false)
 8 FCPATH\index.php(67): CodeIgniter\CodeIgniter->run()
 9 SYSTEMPATH\Commands\Server\rewrite.php(47): require_once('D:\\prakwebprog\\public\\index.php')
CRITICAL - 2023-07-07 03:15:15 --> Invalid file: "profile.php"
in SYSTEMPATH\Exceptions\FrameworkException.php on line 33.
 1 SYSTEMPATH\View\View.php(201): CodeIgniter\Exceptions\FrameworkException::forInvalidFile('profile.php')
 2 SYSTEMPATH\Common.php(1184): CodeIgniter\View\View->render('profile', [], true)
 3 APPPATH\Controllers\FormController.php(11): view('profile')
 4 SYSTEMPATH\CodeIgniter.php(934): App\Controllers\FormController->profile()
 5 SYSTEMPATH\CodeIgniter.php(499): CodeIgniter\CodeIgniter->runController(Object(App\Controllers\FormController))
 6 SYSTEMPATH\CodeIgniter.php(368): CodeIgniter\CodeIgniter->handleRequest(null, Object(Config\Cache), false)
 7 FCPATH\index.php(67): CodeIgniter\CodeIgniter->run()
 8 SYSTEMPATH\Commands\Server\rewrite.php(47): require_once('D:\\prakwebprog\\public\\index.php')
CRITICAL - 2023-07-07 03:18:45 --> Invalid file: "layout.php"
in SYSTEMPATH\Exceptions\FrameworkException.php on line 33.
 1 SYSTEMPATH\View\View.php(201): CodeIgniter\Exceptions\FrameworkException::forInvalidFile('layout.php')
 2 SYSTEMPATH\View\View.php(229): CodeIgniter\View\View->render('layout', [], true)
 3 SYSTEMPATH\Common.php(1184): CodeIgniter\View\View->render('Views/layout/profile', [], true)
 4 APPPATH\Controllers\FormController.php(11): view('Views/layout/profile')
 5 SYSTEMPATH\CodeIgniter.php(934): App\Controllers\FormController->profile()
 6 SYSTEMPATH\CodeIgniter.php(499): CodeIgniter\CodeIgniter->runController(Object(App\Controllers\FormController))
 7 SYSTEMPATH\CodeIgniter.php(368): CodeIgniter\CodeIgniter->handleRequest(null, Object(Config\Cache), false)
 8 FCPATH\index.php(67): CodeIgniter\CodeIgniter->run()
 9 SYSTEMPATH\Commands\Server\rewrite.php(47): require_once('D:\\prakwebprog\\public\\index.php')
CRITICAL - 2023-07-07 03:20:30 --> Invalid file: "profile.php"
in SYSTEMPATH\Exceptions\FrameworkException.php on line 33.
 1 SYSTEMPATH\View\View.php(201): CodeIgniter\Exceptions\FrameworkException::forInvalidFile('profile.php')
 2 SYSTEMPATH\Common.php(1184): CodeIgniter\View\View->render('profile', [], true)
 3 APPPATH\Controllers\FormController.php(11): view('profile')
 4 SYSTEMPATH\CodeIgniter.php(934): App\Controllers\FormController->profile()
 5 SYSTEMPATH\CodeIgniter.php(499): CodeIgniter\CodeIgniter->runController(Object(App\Controllers\FormController))
 6 SYSTEMPATH\CodeIgniter.php(368): CodeIgniter\CodeIgniter->handleRequest(null, Object(Config\Cache), false)
 7 FCPATH\index.php(67): CodeIgniter\CodeIgniter->run()
 8 SYSTEMPATH\Commands\Server\rewrite.php(47): require_once('D:\\prakwebprog\\public\\index.php')
CRITICAL - 2023-07-07 03:20:40 --> Invalid file: "experience.php"
in SYSTEMPATH\Exceptions\FrameworkException.php on line 33.
 1 SYSTEMPATH\View\View.php(201): CodeIgniter\Exceptions\FrameworkException::forInvalidFile('experience.php')
 2 SYSTEMPATH\Common.php(1184): CodeIgniter\View\View->render('experience', [], true)
 3 APPPATH\Controllers\FormController.php(15): view('experience')
 4 SYSTEMPATH\CodeIgniter.php(934): App\Controllers\FormController->experience()
 5 SYSTEMPATH\CodeIgniter.php(499): CodeIgniter\CodeIgniter->runController(Object(App\Controllers\FormController))
 6 SYSTEMPATH\CodeIgniter.php(368): CodeIgniter\CodeIgniter->handleRequest(null, Object(Config\Cache), false)
 7 FCPATH\index.php(67): CodeIgniter\CodeIgniter->run()
 8 SYSTEMPATH\Commands\Server\rewrite.php(47): require_once('D:\\prakwebprog\\public\\index.php')
CRITICAL - 2023-07-07 23:21:21 --> Undefined array key "univ"
in APPPATH\Views\crud\view.php on line 34.
 1 APPPATH\Views\crud\view.php(34): CodeIgniter\Debug\Exceptions->errorHandler(2, 'Undefined array key "univ"', 'D:\\prakwebprog\\app\\Views\\crud\\view.php', 34)
 2 SYSTEMPATH\View\View.php(213): include('D:\\prakwebprog\\app\\Views\\crud\\view.php')
 3 SYSTEMPATH\View\View.php(216): CodeIgniter\View\View->CodeIgniter\View\{closure}()
 4 SYSTEMPATH\Common.php(1184): CodeIgniter\View\View->render('crud/view', [], true)
 5 APPPATH\Controllers\Crud.php(22): view('crud/view', [...])
 6 SYSTEMPATH\CodeIgniter.php(934): App\Controllers\Crud->index()
 7 SYSTEMPATH\CodeIgniter.php(499): CodeIgniter\CodeIgniter->runController(Object(App\Controllers\Crud))
 8 SYSTEMPATH\CodeIgniter.php(368): CodeIgniter\CodeIgniter->handleRequest(null, Object(Config\Cache), false)
 9 FCPATH\index.php(67): CodeIgniter\CodeIgniter->run()
10 SYSTEMPATH\Commands\Server\rewrite.php(47): require_once('D:\\prakwebprog\\public\\index.php')
CRITICAL - 2023-07-07 23:22:15 --> Undefined array key "univ"
in APPPATH\Views\crud\view.php on line 34.
 1 APPPATH\Views\crud\view.php(34): CodeIgniter\Debug\Exceptions->errorHandler(2, 'Undefined array key "univ"', 'D:\\prakwebprog\\app\\Views\\crud\\view.php', 34)
 2 SYSTEMPATH\View\View.php(213): include('D:\\prakwebprog\\app\\Views\\crud\\view.php')
 3 SYSTEMPATH\View\View.php(216): CodeIgniter\View\View->CodeIgniter\View\{closure}()
 4 SYSTEMPATH\Common.php(1184): CodeIgniter\View\View->render('crud/view', [], true)
 5 APPPATH\Controllers\Crud.php(22): view('crud/view', [...])
 6 SYSTEMPATH\CodeIgniter.php(934): App\Controllers\Crud->index()
 7 SYSTEMPATH\CodeIgniter.php(499): CodeIgniter\CodeIgniter->runController(Object(App\Controllers\Crud))
 8 SYSTEMPATH\CodeIgniter.php(368): CodeIgniter\CodeIgniter->handleRequest(null, Object(Config\Cache), false)
 9 FCPATH\index.php(67): CodeIgniter\CodeIgniter->run()
10 SYSTEMPATH\Commands\Server\rewrite.php(47): require_once('D:\\prakwebprog\\public\\index.php')
CRITICAL - 2023-07-07 23:23:36 --> Undefined array key "univ"
in APPPATH\Views\crud\view.php on line 34.
 1 APPPATH\Views\crud\view.php(34): CodeIgniter\Debug\Exceptions->errorHandler(2, 'Undefined array key "univ"', 'D:\\prakwebprog\\app\\Views\\crud\\view.php', 34)
 2 SYSTEMPATH\View\View.php(213): include('D:\\prakwebprog\\app\\Views\\crud\\view.php')
 3 SYSTEMPATH\View\View.php(216): CodeIgniter\View\View->CodeIgniter\View\{closure}()
 4 SYSTEMPATH\Common.php(1184): CodeIgniter\View\View->render('crud/view', [], true)
 5 APPPATH\Controllers\Crud.php(22): view('crud/view', [...])
 6 SYSTEMPATH\CodeIgniter.php(934): App\Controllers\Crud->index()
 7 SYSTEMPATH\CodeIgniter.php(499): CodeIgniter\CodeIgniter->runController(Object(App\Controllers\Crud))
 8 SYSTEMPATH\CodeIgniter.php(368): CodeIgniter\CodeIgniter->handleRequest(null, Object(Config\Cache), false)
 9 FCPATH\index.php(67): CodeIgniter\CodeIgniter->run()
10 SYSTEMPATH\Commands\Server\rewrite.php(47): require_once('D:\\prakwebprog\\public\\index.php')
CRITICAL - 2023-07-07 23:23:38 --> Undefined array key "univ"
in APPPATH\Views\crud\view.php on line 34.
 1 APPPATH\Views\crud\view.php(34): CodeIgniter\Debug\Exceptions->errorHandler(2, 'Undefined array key "univ"', 'D:\\prakwebprog\\app\\Views\\crud\\view.php', 34)
 2 SYSTEMPATH\View\View.php(213): include('D:\\prakwebprog\\app\\Views\\crud\\view.php')
 3 SYSTEMPATH\View\View.php(216): CodeIgniter\View\View->CodeIgniter\View\{closure}()
 4 SYSTEMPATH\Common.php(1184): CodeIgniter\View\View->render('crud/view', [], true)
 5 APPPATH\Controllers\Crud.php(22): view('crud/view', [...])
 6 SYSTEMPATH\CodeIgniter.php(934): App\Controllers\Crud->index()
 7 SYSTEMPATH\CodeIgniter.php(499): CodeIgniter\CodeIgniter->runController(Object(App\Controllers\Crud))
 8 SYSTEMPATH\CodeIgniter.php(368): CodeIgniter\CodeIgniter->handleRequest(null, Object(Config\Cache), false)
 9 FCPATH\index.php(67): CodeIgniter\CodeIgniter->run()
10 SYSTEMPATH\Commands\Server\rewrite.php(47): require_once('D:\\prakwebprog\\public\\index.php')
CRITICAL - 2023-07-07 23:23:48 --> Undefined array key "no_hp"
in APPPATH\Views\crud\view.php on line 35.
 1 APPPATH\Views\crud\view.php(35): CodeIgniter\Debug\Exceptions->errorHandler(2, 'Undefined array key "no_hp"', 'D:\\prakwebprog\\app\\Views\\crud\\view.php', 35)
 2 SYSTEMPATH\View\View.php(213): include('D:\\prakwebprog\\app\\Views\\crud\\view.php')
 3 SYSTEMPATH\View\View.php(216): CodeIgniter\View\View->CodeIgniter\View\{closure}()
 4 SYSTEMPATH\Common.php(1184): CodeIgniter\View\View->render('crud/view', [], true)
 5 APPPATH\Controllers\Crud.php(22): view('crud/view', [...])
 6 SYSTEMPATH\CodeIgniter.php(934): App\Controllers\Crud->index()
 7 SYSTEMPATH\CodeIgniter.php(499): CodeIgniter\CodeIgniter->runController(Object(App\Controllers\Crud))
 8 SYSTEMPATH\CodeIgniter.php(368): CodeIgniter\CodeIgniter->handleRequest(null, Object(Config\Cache), false)
 9 FCPATH\index.php(67): CodeIgniter\CodeIgniter->run()
10 SYSTEMPATH\Commands\Server\rewrite.php(47): require_once('D:\\prakwebprog\\public\\index.php')
CRITICAL - 2023-07-07 23:25:45 --> Undefined array key "univ"
in APPPATH\Views\crud\view.php on line 34.
 1 APPPATH\Views\crud\view.php(34): CodeIgniter\Debug\Exceptions->errorHandler(2, 'Undefined array key "univ"', 'D:\\prakwebprog\\app\\Views\\crud\\view.php', 34)
 2 SYSTEMPATH\View\View.php(213): include('D:\\prakwebprog\\app\\Views\\crud\\view.php')
 3 SYSTEMPATH\View\View.php(216): CodeIgniter\View\View->CodeIgniter\View\{closure}()
 4 SYSTEMPATH\Common.php(1184): CodeIgniter\View\View->render('crud/view', [], true)
 5 APPPATH\Controllers\Crud.php(22): view('crud/view', [...])
 6 SYSTEMPATH\CodeIgniter.php(934): App\Controllers\Crud->index()
 7 SYSTEMPATH\CodeIgniter.php(499): CodeIgniter\CodeIgniter->runController(Object(App\Controllers\Crud))
 8 SYSTEMPATH\CodeIgniter.php(368): CodeIgniter\CodeIgniter->handleRequest(null, Object(Config\Cache), false)
 9 FCPATH\index.php(67): CodeIgniter\CodeIgniter->run()
10 SYSTEMPATH\Commands\Server\rewrite.php(47): require_once('D:\\prakwebprog\\public\\index.php')
CRITICAL - 2023-07-07 23:26:55 --> Undefined array key "univ"
in APPPATH\Views\crud\edit.php on line 28.
 1 APPPATH\Views\crud\edit.php(28): CodeIgniter\Debug\Exceptions->errorHandler(2, 'Undefined array key "univ"', 'D:\\prakwebprog\\app\\Views\\crud\\edit.php', 28)
 2 SYSTEMPATH\View\View.php(213): include('D:\\prakwebprog\\app\\Views\\crud\\edit.php')
 3 SYSTEMPATH\View\View.php(216): CodeIgniter\View\View->CodeIgniter\View\{closure}()
 4 SYSTEMPATH\Common.php(1184): CodeIgniter\View\View->render('crud/edit', [], true)
 5 APPPATH\Controllers\Crud.php(49): view('crud/edit', [...])
 6 SYSTEMPATH\CodeIgniter.php(934): App\Controllers\Crud->edit('32612398764')
 7 SYSTEMPATH\CodeIgniter.php(499): CodeIgniter\CodeIgniter->runController(Object(App\Controllers\Crud))
 8 SYSTEMPATH\CodeIgniter.php(368): CodeIgniter\CodeIgniter->handleRequest(null, Object(Config\Cache), false)
 9 FCPATH\index.php(67): CodeIgniter\CodeIgniter->run()
10 SYSTEMPATH\Commands\Server\rewrite.php(47): require_once('D:\\prakwebprog\\public\\index.php')
CRITICAL - 2023-07-07 23:28:02 --> Undefined array key "univ"
in APPPATH\Views\crud\edit.php on line 28.
 1 APPPATH\Views\crud\edit.php(28): CodeIgniter\Debug\Exceptions->errorHandler(2, 'Undefined array key "univ"', 'D:\\prakwebprog\\app\\Views\\crud\\edit.php', 28)
 2 SYSTEMPATH\View\View.php(213): include('D:\\prakwebprog\\app\\Views\\crud\\edit.php')
 3 SYSTEMPATH\View\View.php(216): CodeIgniter\View\View->CodeIgniter\View\{closure}()
 4 SYSTEMPATH\Common.php(1184): CodeIgniter\View\View->render('crud/edit', [], true)
 5 APPPATH\Controllers\Crud.php(49): view('crud/edit', [...])
 6 SYSTEMPATH\CodeIgniter.php(934): App\Controllers\Crud->edit('32612398764')
 7 SYSTEMPATH\CodeIgniter.php(499): CodeIgniter\CodeIgniter->runController(Object(App\Controllers\Crud))
 8 SYSTEMPATH\CodeIgniter.php(368): CodeIgniter\CodeIgniter->handleRequest(null, Object(Config\Cache), false)
 9 FCPATH\index.php(67): CodeIgniter\CodeIgniter->run()
10 SYSTEMPATH\Commands\Server\rewrite.php(47): require_once('D:\\prakwebprog\\public\\index.php')
CRITICAL - 2023-07-07 23:28:03 --> Undefined array key "univ"
in APPPATH\Views\crud\edit.php on line 28.
 1 APPPATH\Views\crud\edit.php(28): CodeIgniter\Debug\Exceptions->errorHandler(2, 'Undefined array key "univ"', 'D:\\prakwebprog\\app\\Views\\crud\\edit.php', 28)
 2 SYSTEMPATH\View\View.php(213): include('D:\\prakwebprog\\app\\Views\\crud\\edit.php')
 3 SYSTEMPATH\View\View.php(216): CodeIgniter\View\View->CodeIgniter\View\{closure}()
 4 SYSTEMPATH\Common.php(1184): CodeIgniter\View\View->render('crud/edit', [], true)
 5 APPPATH\Controllers\Crud.php(49): view('crud/edit', [...])
 6 SYSTEMPATH\CodeIgniter.php(934): App\Controllers\Crud->edit('32612398764')
 7 SYSTEMPATH\CodeIgniter.php(499): CodeIgniter\CodeIgniter->runController(Object(App\Controllers\Crud))
 8 SYSTEMPATH\CodeIgniter.php(368): CodeIgniter\CodeIgniter->handleRequest(null, Object(Config\Cache), false)
 9 FCPATH\index.php(67): CodeIgniter\CodeIgniter->run()
10 SYSTEMPATH\Commands\Server\rewrite.php(47): require_once('D:\\prakwebprog\\public\\index.php')
CRITICAL - 2023-07-07 23:28:03 --> Undefined array key "univ"
in APPPATH\Views\crud\edit.php on line 28.
 1 APPPATH\Views\crud\edit.php(28): CodeIgniter\Debug\Exceptions->errorHandler(2, 'Undefined array key "univ"', 'D:\\prakwebprog\\app\\Views\\crud\\edit.php', 28)
 2 SYSTEMPATH\View\View.php(213): include('D:\\prakwebprog\\app\\Views\\crud\\edit.php')
 3 SYSTEMPATH\View\View.php(216): CodeIgniter\View\View->CodeIgniter\View\{closure}()
 4 SYSTEMPATH\Common.php(1184): CodeIgniter\View\View->render('crud/edit', [], true)
 5 APPPATH\Controllers\Crud.php(49): view('crud/edit', [...])
 6 SYSTEMPATH\CodeIgniter.php(934): App\Controllers\Crud->edit('32612398764')
 7 SYSTEMPATH\CodeIgniter.php(499): CodeIgniter\CodeIgniter->runController(Object(App\Controllers\Crud))
 8 SYSTEMPATH\CodeIgniter.php(368): CodeIgniter\CodeIgniter->handleRequest(null, Object(Config\Cache), false)
 9 FCPATH\index.php(67): CodeIgniter\CodeIgniter->run()
10 SYSTEMPATH\Commands\Server\rewrite.php(47): require_once('D:\\prakwebprog\\public\\index.php')
CRITICAL - 2023-07-07 23:28:03 --> Undefined array key "univ"
in APPPATH\Views\crud\edit.php on line 28.
 1 APPPATH\Views\crud\edit.php(28): CodeIgniter\Debug\Exceptions->errorHandler(2, 'Undefined array key "univ"', 'D:\\prakwebprog\\app\\Views\\crud\\edit.php', 28)
 2 SYSTEMPATH\View\View.php(213): include('D:\\prakwebprog\\app\\Views\\crud\\edit.php')
 3 SYSTEMPATH\View\View.php(216): CodeIgniter\View\View->CodeIgniter\View\{closure}()
 4 SYSTEMPATH\Common.php(1184): CodeIgniter\View\View->render('crud/edit', [], true)
 5 APPPATH\Controllers\Crud.php(49): view('crud/edit', [...])
 6 SYSTEMPATH\CodeIgniter.php(934): App\Controllers\Crud->edit('32612398764')
 7 SYSTEMPATH\CodeIgniter.php(499): CodeIgniter\CodeIgniter->runController(Object(App\Controllers\Crud))
 8 SYSTEMPATH\CodeIgniter.php(368): CodeIgniter\CodeIgniter->handleRequest(null, Object(Config\Cache), false)
 9 FCPATH\index.php(67): CodeIgniter\CodeIgniter->run()
10 SYSTEMPATH\Commands\Server\rewrite.php(47): require_once('D:\\prakwebprog\\public\\index.php')
CRITICAL - 2023-07-07 23:28:03 --> Undefined array key "univ"
in APPPATH\Views\crud\edit.php on line 28.
 1 APPPATH\Views\crud\edit.php(28): CodeIgniter\Debug\Exceptions->errorHandler(2, 'Undefined array key "univ"', 'D:\\prakwebprog\\app\\Views\\crud\\edit.php', 28)
 2 SYSTEMPATH\View\View.php(213): include('D:\\prakwebprog\\app\\Views\\crud\\edit.php')
 3 SYSTEMPATH\View\View.php(216): CodeIgniter\View\View->CodeIgniter\View\{closure}()
 4 SYSTEMPATH\Common.php(1184): CodeIgniter\View\View->render('crud/edit', [], true)
 5 APPPATH\Controllers\Crud.php(49): view('crud/edit', [...])
 6 SYSTEMPATH\CodeIgniter.php(934): App\Controllers\Crud->edit('32612398764')
 7 SYSTEMPATH\CodeIgniter.php(499): CodeIgniter\CodeIgniter->runController(Object(App\Controllers\Crud))
 8 SYSTEMPATH\CodeIgniter.php(368): CodeIgniter\CodeIgniter->handleRequest(null, Object(Config\Cache), false)
 9 FCPATH\index.php(67): CodeIgniter\CodeIgniter->run()
10 SYSTEMPATH\Commands\Server\rewrite.php(47): require_once('D:\\prakwebprog\\public\\index.php')
CRITICAL - 2023-07-07 23:28:04 --> Undefined array key "univ"
in APPPATH\Views\crud\edit.php on line 28.
 1 APPPATH\Views\crud\edit.php(28): CodeIgniter\Debug\Exceptions->errorHandler(2, 'Undefined array key "univ"', 'D:\\prakwebprog\\app\\Views\\crud\\edit.php', 28)
 2 SYSTEMPATH\View\View.php(213): include('D:\\prakwebprog\\app\\Views\\crud\\edit.php')
 3 SYSTEMPATH\View\View.php(216): CodeIgniter\View\View->CodeIgniter\View\{closure}()
 4 SYSTEMPATH\Common.php(1184): CodeIgniter\View\View->render('crud/edit', [], true)
 5 APPPATH\Controllers\Crud.php(49): view('crud/edit', [...])
 6 SYSTEMPATH\CodeIgniter.php(934): App\Controllers\Crud->edit('32612398764')
 7 SYSTEMPATH\CodeIgniter.php(499): CodeIgniter\CodeIgniter->runController(Object(App\Controllers\Crud))
 8 SYSTEMPATH\CodeIgniter.php(368): CodeIgniter\CodeIgniter->handleRequest(null, Object(Config\Cache), false)
 9 FCPATH\index.php(67): CodeIgniter\CodeIgniter->run()
10 SYSTEMPATH\Commands\Server\rewrite.php(47): require_once('D:\\prakwebprog\\public\\index.php')
CRITICAL - 2023-07-07 23:28:24 --> Undefined array key "univ"
in APPPATH\Views\crud\edit.php on line 28.
 1 APPPATH\Views\crud\edit.php(28): CodeIgniter\Debug\Exceptions->errorHandler(2, 'Undefined array key "univ"', 'D:\\prakwebprog\\app\\Views\\crud\\edit.php', 28)
 2 SYSTEMPATH\View\View.php(213): include('D:\\prakwebprog\\app\\Views\\crud\\edit.php')
 3 SYSTEMPATH\View\View.php(216): CodeIgniter\View\View->CodeIgniter\View\{closure}()
 4 SYSTEMPATH\Common.php(1184): CodeIgniter\View\View->render('crud/edit', [], true)
 5 APPPATH\Controllers\Crud.php(49): view('crud/edit', [...])
 6 SYSTEMPATH\CodeIgniter.php(934): App\Controllers\Crud->edit('32612398764')
 7 SYSTEMPATH\CodeIgniter.php(499): CodeIgniter\CodeIgniter->runController(Object(App\Controllers\Crud))
 8 SYSTEMPATH\CodeIgniter.php(368): CodeIgniter\CodeIgniter->handleRequest(null, Object(Config\Cache), false)
 9 FCPATH\index.php(67): CodeIgniter\CodeIgniter->run()
10 SYSTEMPATH\Commands\Server\rewrite.php(47): require_once('D:\\prakwebprog\\public\\index.php')
CRITICAL - 2023-07-07 23:28:26 --> Undefined array key "univ"
in APPPATH\Views\crud\edit.php on line 28.
 1 APPPATH\Views\crud\edit.php(28): CodeIgniter\Debug\Exceptions->errorHandler(2, 'Undefined array key "univ"', 'D:\\prakwebprog\\app\\Views\\crud\\edit.php', 28)
 2 SYSTEMPATH\View\View.php(213): include('D:\\prakwebprog\\app\\Views\\crud\\edit.php')
 3 SYSTEMPATH\View\View.php(216): CodeIgniter\View\View->CodeIgniter\View\{closure}()
 4 SYSTEMPATH\Common.php(1184): CodeIgniter\View\View->render('crud/edit', [], true)
 5 APPPATH\Controllers\Crud.php(49): view('crud/edit', [...])
 6 SYSTEMPATH\CodeIgniter.php(934): App\Controllers\Crud->edit('32612398764')
 7 SYSTEMPATH\CodeIgniter.php(499): CodeIgniter\CodeIgniter->runController(Object(App\Controllers\Crud))
 8 SYSTEMPATH\CodeIgniter.php(368): CodeIgniter\CodeIgniter->handleRequest(null, Object(Config\Cache), false)
 9 FCPATH\index.php(67): CodeIgniter\CodeIgniter->run()
10 SYSTEMPATH\Commands\Server\rewrite.php(47): require_once('D:\\prakwebprog\\public\\index.php')
CRITICAL - 2023-07-07 23:28:26 --> Undefined array key "univ"
in APPPATH\Views\crud\edit.php on line 28.
 1 APPPATH\Views\crud\edit.php(28): CodeIgniter\Debug\Exceptions->errorHandler(2, 'Undefined array key "univ"', 'D:\\prakwebprog\\app\\Views\\crud\\edit.php', 28)
 2 SYSTEMPATH\View\View.php(213): include('D:\\prakwebprog\\app\\Views\\crud\\edit.php')
 3 SYSTEMPATH\View\View.php(216): CodeIgniter\View\View->CodeIgniter\View\{closure}()
 4 SYSTEMPATH\Common.php(1184): CodeIgniter\View\View->render('crud/edit', [], true)
 5 APPPATH\Controllers\Crud.php(49): view('crud/edit', [...])
 6 SYSTEMPATH\CodeIgniter.php(934): App\Controllers\Crud->edit('32612398764')
 7 SYSTEMPATH\CodeIgniter.php(499): CodeIgniter\CodeIgniter->runController(Object(App\Controllers\Crud))
 8 SYSTEMPATH\CodeIgniter.php(368): CodeIgniter\CodeIgniter->handleRequest(null, Object(Config\Cache), false)
 9 FCPATH\index.php(67): CodeIgniter\CodeIgniter->run()
10 SYSTEMPATH\Commands\Server\rewrite.php(47): require_once('D:\\prakwebprog\\public\\index.php')
CRITICAL - 2023-07-07 23:29:09 --> Undefined array key "univ"
in APPPATH\Views\crud\view.php on line 34.
 1 APPPATH\Views\crud\view.php(34): CodeIgniter\Debug\Exceptions->errorHandler(2, 'Undefined array key "univ"', 'D:\\prakwebprog\\app\\Views\\crud\\view.php', 34)
 2 SYSTEMPATH\View\View.php(213): include('D:\\prakwebprog\\app\\Views\\crud\\view.php')
 3 SYSTEMPATH\View\View.php(216): CodeIgniter\View\View->CodeIgniter\View\{closure}()
 4 SYSTEMPATH\Common.php(1184): CodeIgniter\View\View->render('crud/view', [], true)
 5 APPPATH\Controllers\Crud.php(22): view('crud/view', [...])
 6 SYSTEMPATH\CodeIgniter.php(934): App\Controllers\Crud->index()
 7 SYSTEMPATH\CodeIgniter.php(499): CodeIgniter\CodeIgniter->runController(Object(App\Controllers\Crud))
 8 SYSTEMPATH\CodeIgniter.php(368): CodeIgniter\CodeIgniter->handleRequest(null, Object(Config\Cache), false)
 9 FCPATH\index.php(67): CodeIgniter\CodeIgniter->run()
10 SYSTEMPATH\Commands\Server\rewrite.php(47): require_once('D:\\prakwebprog\\public\\index.php')
CRITICAL - 2023-07-07 23:29:11 --> Undefined array key "univ"
in APPPATH\Views\crud\view.php on line 34.
 1 APPPATH\Views\crud\view.php(34): CodeIgniter\Debug\Exceptions->errorHandler(2, 'Undefined array key "univ"', 'D:\\prakwebprog\\app\\Views\\crud\\view.php', 34)
 2 SYSTEMPATH\View\View.php(213): include('D:\\prakwebprog\\app\\Views\\crud\\view.php')
 3 SYSTEMPATH\View\View.php(216): CodeIgniter\View\View->CodeIgniter\View\{closure}()
 4 SYSTEMPATH\Common.php(1184): CodeIgniter\View\View->render('crud/view', [], true)
 5 APPPATH\Controllers\Crud.php(22): view('crud/view', [...])
 6 SYSTEMPATH\CodeIgniter.php(934): App\Controllers\Crud->index()
 7 SYSTEMPATH\CodeIgniter.php(499): CodeIgniter\CodeIgniter->runController(Object(App\Controllers\Crud))
 8 SYSTEMPATH\CodeIgniter.php(368): CodeIgniter\CodeIgniter->handleRequest(null, Object(Config\Cache), false)
 9 FCPATH\index.php(67): CodeIgniter\CodeIgniter->run()
10 SYSTEMPATH\Commands\Server\rewrite.php(47): require_once('D:\\prakwebprog\\public\\index.php')
CRITICAL - 2023-07-07 23:29:23 --> Undefined array key "univ"
in APPPATH\Views\crud\view.php on line 34.
 1 APPPATH\Views\crud\view.php(34): CodeIgniter\Debug\Exceptions->errorHandler(2, 'Undefined array key "univ"', 'D:\\prakwebprog\\app\\Views\\crud\\view.php', 34)
 2 SYSTEMPATH\View\View.php(213): include('D:\\prakwebprog\\app\\Views\\crud\\view.php')
 3 SYSTEMPATH\View\View.php(216): CodeIgniter\View\View->CodeIgniter\View\{closure}()
 4 SYSTEMPATH\Common.php(1184): CodeIgniter\View\View->render('crud/view', [], true)
 5 APPPATH\Controllers\Crud.php(22): view('crud/view', [...])
 6 SYSTEMPATH\CodeIgniter.php(934): App\Controllers\Crud->index()
 7 SYSTEMPATH\CodeIgniter.php(499): CodeIgniter\CodeIgniter->runController(Object(App\Controllers\Crud))
 8 SYSTEMPATH\CodeIgniter.php(368): CodeIgniter\CodeIgniter->handleRequest(null, Object(Config\Cache), false)
 9 FCPATH\index.php(67): CodeIgniter\CodeIgniter->run()
10 SYSTEMPATH\Commands\Server\rewrite.php(47): require_once('D:\\prakwebprog\\public\\index.php')
CRITICAL - 2023-07-07 23:29:51 --> Undefined array key "univ"
in APPPATH\Views\crud\edit.php on line 28.
 1 APPPATH\Views\crud\edit.php(28): CodeIgniter\Debug\Exceptions->errorHandler(2, 'Undefined array key "univ"', 'D:\\prakwebprog\\app\\Views\\crud\\edit.php', 28)
 2 SYSTEMPATH\View\View.php(213): include('D:\\prakwebprog\\app\\Views\\crud\\edit.php')
 3 SYSTEMPATH\View\View.php(216): CodeIgniter\View\View->CodeIgniter\View\{closure}()
 4 SYSTEMPATH\Common.php(1184): CodeIgniter\View\View->render('crud/edit', [], true)
 5 APPPATH\Controllers\Crud.php(49): view('crud/edit', [...])
 6 SYSTEMPATH\CodeIgniter.php(934): App\Controllers\Crud->edit('32612398764')
 7 SYSTEMPATH\CodeIgniter.php(499): CodeIgniter\CodeIgniter->runController(Object(App\Controllers\Crud))
 8 SYSTEMPATH\CodeIgniter.php(368): CodeIgniter\CodeIgniter->handleRequest(null, Object(Config\Cache), false)
 9 FCPATH\index.php(67): CodeIgniter\CodeIgniter->run()
10 SYSTEMPATH\Commands\Server\rewrite.php(47): require_once('D:\\prakwebprog\\public\\index.php')
CRITICAL - 2023-07-07 23:31:51 --> Undefined array key "univ"
in APPPATH\Views\crud\edit.php on line 24.
 1 APPPATH\Views\crud\edit.php(24): CodeIgniter\Debug\Exceptions->errorHandler(2, 'Undefined array key "univ"', 'D:\\prakwebprog\\app\\Views\\crud\\edit.php', 24)
 2 SYSTEMPATH\View\View.php(213): include('D:\\prakwebprog\\app\\Views\\crud\\edit.php')
 3 SYSTEMPATH\View\View.php(216): CodeIgniter\View\View->CodeIgniter\View\{closure}()
 4 SYSTEMPATH\Common.php(1184): CodeIgniter\View\View->render('crud/edit', [], true)
 5 APPPATH\Controllers\Crud.php(49): view('crud/edit', [...])
 6 SYSTEMPATH\CodeIgniter.php(934): App\Controllers\Crud->edit('32612398764')
 7 SYSTEMPATH\CodeIgniter.php(499): CodeIgniter\CodeIgniter->runController(Object(App\Controllers\Crud))
 8 SYSTEMPATH\CodeIgniter.php(368): CodeIgniter\CodeIgniter->handleRequest(null, Object(Config\Cache), false)
 9 FCPATH\index.php(67): CodeIgniter\CodeIgniter->run()
10 SYSTEMPATH\Commands\Server\rewrite.php(47): require_once('D:\\prakwebprog\\public\\index.php')
CRITICAL - 2023-07-07 23:31:52 --> Undefined array key "univ"
in APPPATH\Views\crud\edit.php on line 24.
 1 APPPATH\Views\crud\edit.php(24): CodeIgniter\Debug\Exceptions->errorHandler(2, 'Undefined array key "univ"', 'D:\\prakwebprog\\app\\Views\\crud\\edit.php', 24)
 2 SYSTEMPATH\View\View.php(213): include('D:\\prakwebprog\\app\\Views\\crud\\edit.php')
 3 SYSTEMPATH\View\View.php(216): CodeIgniter\View\View->CodeIgniter\View\{closure}()
 4 SYSTEMPATH\Common.php(1184): CodeIgniter\View\View->render('crud/edit', [], true)
 5 APPPATH\Controllers\Crud.php(49): view('crud/edit', [...])
 6 SYSTEMPATH\CodeIgniter.php(934): App\Controllers\Crud->edit('32612398764')
 7 SYSTEMPATH\CodeIgniter.php(499): CodeIgniter\CodeIgniter->runController(Object(App\Controllers\Crud))
 8 SYSTEMPATH\CodeIgniter.php(368): CodeIgniter\CodeIgniter->handleRequest(null, Object(Config\Cache), false)
 9 FCPATH\index.php(67): CodeIgniter\CodeIgniter->run()
10 SYSTEMPATH\Commands\Server\rewrite.php(47): require_once('D:\\prakwebprog\\public\\index.php')
CRITICAL - 2023-07-07 23:31:52 --> Undefined array key "univ"
in APPPATH\Views\crud\edit.php on line 24.
 1 APPPATH\Views\crud\edit.php(24): CodeIgniter\Debug\Exceptions->errorHandler(2, 'Undefined array key "univ"', 'D:\\prakwebprog\\app\\Views\\crud\\edit.php', 24)
 2 SYSTEMPATH\View\View.php(213): include('D:\\prakwebprog\\app\\Views\\crud\\edit.php')
 3 SYSTEMPATH\View\View.php(216): CodeIgniter\View\View->CodeIgniter\View\{closure}()
 4 SYSTEMPATH\Common.php(1184): CodeIgniter\View\View->render('crud/edit', [], true)
 5 APPPATH\Controllers\Crud.php(49): view('crud/edit', [...])
 6 SYSTEMPATH\CodeIgniter.php(934): App\Controllers\Crud->edit('32612398764')
 7 SYSTEMPATH\CodeIgniter.php(499): CodeIgniter\CodeIgniter->runController(Object(App\Controllers\Crud))
 8 SYSTEMPATH\CodeIgniter.php(368): CodeIgniter\CodeIgniter->handleRequest(null, Object(Config\Cache), false)
 9 FCPATH\index.php(67): CodeIgniter\CodeIgniter->run()
10 SYSTEMPATH\Commands\Server\rewrite.php(47): require_once('D:\\prakwebprog\\public\\index.php')
CRITICAL - 2023-07-07 23:31:53 --> Undefined array key "univ"
in APPPATH\Views\crud\edit.php on line 24.
 1 APPPATH\Views\crud\edit.php(24): CodeIgniter\Debug\Exceptions->errorHandler(2, 'Undefined array key "univ"', 'D:\\prakwebprog\\app\\Views\\crud\\edit.php', 24)
 2 SYSTEMPATH\View\View.php(213): include('D:\\prakwebprog\\app\\Views\\crud\\edit.php')
 3 SYSTEMPATH\View\View.php(216): CodeIgniter\View\View->CodeIgniter\View\{closure}()
 4 SYSTEMPATH\Common.php(1184): CodeIgniter\View\View->render('crud/edit', [], true)
 5 APPPATH\Controllers\Crud.php(49): view('crud/edit', [...])
 6 SYSTEMPATH\CodeIgniter.php(934): App\Controllers\Crud->edit('32612398764')
 7 SYSTEMPATH\CodeIgniter.php(499): CodeIgniter\CodeIgniter->runController(Object(App\Controllers\Crud))
 8 SYSTEMPATH\CodeIgniter.php(368): CodeIgniter\CodeIgniter->handleRequest(null, Object(Config\Cache), false)
 9 FCPATH\index.php(67): CodeIgniter\CodeIgniter->run()
10 SYSTEMPATH\Commands\Server\rewrite.php(47): require_once('D:\\prakwebprog\\public\\index.php')
CRITICAL - 2023-07-07 23:31:53 --> Undefined array key "univ"
in APPPATH\Views\crud\edit.php on line 24.
 1 APPPATH\Views\crud\edit.php(24): CodeIgniter\Debug\Exceptions->errorHandler(2, 'Undefined array key "univ"', 'D:\\prakwebprog\\app\\Views\\crud\\edit.php', 24)
 2 SYSTEMPATH\View\View.php(213): include('D:\\prakwebprog\\app\\Views\\crud\\edit.php')
 3 SYSTEMPATH\View\View.php(216): CodeIgniter\View\View->CodeIgniter\View\{closure}()
 4 SYSTEMPATH\Common.php(1184): CodeIgniter\View\View->render('crud/edit', [], true)
 5 APPPATH\Controllers\Crud.php(49): view('crud/edit', [...])
 6 SYSTEMPATH\CodeIgniter.php(934): App\Controllers\Crud->edit('32612398764')
 7 SYSTEMPATH\CodeIgniter.php(499): CodeIgniter\CodeIgniter->runController(Object(App\Controllers\Crud))
 8 SYSTEMPATH\CodeIgniter.php(368): CodeIgniter\CodeIgniter->handleRequest(null, Object(Config\Cache), false)
 9 FCPATH\index.php(67): CodeIgniter\CodeIgniter->run()
10 SYSTEMPATH\Commands\Server\rewrite.php(47): require_once('D:\\prakwebprog\\public\\index.php')
CRITICAL - 2023-07-07 23:37:05 --> There is no data to insert.
in SYSTEMPATH\BaseModel.php on line 762.
 1 SYSTEMPATH\BaseModel.php(762): CodeIgniter\Database\Exceptions\DataException::forEmptyDataset('insert')
 2 SYSTEMPATH\Model.php(730): CodeIgniter\BaseModel->insert([], true)
 3 APPPATH\Controllers\Crud.php(34): CodeIgniter\Model->insert([...])
 4 SYSTEMPATH\CodeIgniter.php(934): App\Controllers\Crud->tambah()
 5 SYSTEMPATH\CodeIgniter.php(499): CodeIgniter\CodeIgniter->runController(Object(App\Controllers\Crud))
 6 SYSTEMPATH\CodeIgniter.php(368): CodeIgniter\CodeIgniter->handleRequest(null, Object(Config\Cache), false)
 7 FCPATH\index.php(67): CodeIgniter\CodeIgniter->run()
 8 SYSTEMPATH\Commands\Server\rewrite.php(47): require_once('D:\\prakwebprog\\public\\index.php')
CRITICAL - 2023-07-07 23:38:00 --> Undefined array key "newNim"
in APPPATH\Controllers\Crud.php on line 54.
 1 APPPATH\Controllers\Crud.php(54): CodeIgniter\Debug\Exceptions->errorHandler(2, 'Undefined array key "newNim"', 'D:\\prakwebprog\\app\\Controllers\\Crud.php', 54)
 2 SYSTEMPATH\CodeIgniter.php(934): App\Controllers\Crud->editan()
 3 SYSTEMPATH\CodeIgniter.php(499): CodeIgniter\CodeIgniter->runController(Object(App\Controllers\Crud))
 4 SYSTEMPATH\CodeIgniter.php(368): CodeIgniter\CodeIgniter->handleRequest(null, Object(Config\Cache), false)
 5 FCPATH\index.php(67): CodeIgniter\CodeIgniter->run()
 6 SYSTEMPATH\Commands\Server\rewrite.php(47): require_once('D:\\prakwebprog\\public\\index.php')
CRITICAL - 2023-07-07 23:38:41 --> Too few arguments to function App\Controllers\Crud::edit(), 0 passed in D:\prakwebprog\vendor\codeigniter4\framework\system\CodeIgniter.php on line 934 and exactly 1 expected
in APPPATH\Controllers\Crud.php on line 42.
 1 SYSTEMPATH\CodeIgniter.php(934): App\Controllers\Crud->edit()
 2 SYSTEMPATH\CodeIgniter.php(499): CodeIgniter\CodeIgniter->runController(Object(App\Controllers\Crud))
 3 SYSTEMPATH\CodeIgniter.php(368): CodeIgniter\CodeIgniter->handleRequest(null, Object(Config\Cache), false)
 4 FCPATH\index.php(67): CodeIgniter\CodeIgniter->run()
 5 SYSTEMPATH\Commands\Server\rewrite.php(47): require_once('D:\\prakwebprog\\public\\index.php')
CRITICAL - 2023-07-07 23:38:46 --> Too few arguments to function App\Controllers\Crud::edit(), 0 passed in D:\prakwebprog\vendor\codeigniter4\framework\system\CodeIgniter.php on line 934 and exactly 1 expected
in APPPATH\Controllers\Crud.php on line 42.
 1 SYSTEMPATH\CodeIgniter.php(934): App\Controllers\Crud->edit()
 2 SYSTEMPATH\CodeIgniter.php(499): CodeIgniter\CodeIgniter->runController(Object(App\Controllers\Crud))
 3 SYSTEMPATH\CodeIgniter.php(368): CodeIgniter\CodeIgniter->handleRequest(null, Object(Config\Cache), false)
 4 FCPATH\index.php(67): CodeIgniter\CodeIgniter->run()
 5 SYSTEMPATH\Commands\Server\rewrite.php(47): require_once('D:\\prakwebprog\\public\\index.php')
CRITICAL - 2023-07-07 23:39:57 --> There is no data to update.
in SYSTEMPATH\BaseModel.php on line 1680.
 1 SYSTEMPATH\BaseModel.php(1680): CodeIgniter\Database\Exceptions\DataException::forEmptyDataset('update')
 2 SYSTEMPATH\BaseModel.php(910): CodeIgniter\BaseModel->transformDataToArray(null, 'update')
 3 SYSTEMPATH\Model.php(756): CodeIgniter\BaseModel->update(null, null)
 4 APPPATH\Controllers\Crud.php(55): CodeIgniter\Model->update()
 5 SYSTEMPATH\CodeIgniter.php(934): App\Controllers\Crud->editan()
 6 SYSTEMPATH\CodeIgniter.php(499): CodeIgniter\CodeIgniter->runController(Object(App\Controllers\Crud))
 7 SYSTEMPATH\CodeIgniter.php(368): CodeIgniter\CodeIgniter->handleRequest(null, Object(Config\Cache), false)
 8 FCPATH\index.php(67): CodeIgniter\CodeIgniter->run()
 9 SYSTEMPATH\Commands\Server\rewrite.php(47): require_once('D:\\prakwebprog\\public\\index.php')
CRITICAL - 2023-07-07 23:45:45 --> Undefined variable $nim
in APPPATH\Controllers\Crud.php on line 28.
 1 APPPATH\Controllers\Crud.php(28): CodeIgniter\Debug\Exceptions->errorHandler(2, 'Undefined variable $nim', 'D:\\prakwebprog\\app\\Controllers\\Crud.php', 28)
 2 SYSTEMPATH\CodeIgniter.php(934): App\Controllers\Crud->tambah()
 3 SYSTEMPATH\CodeIgniter.php(499): CodeIgniter\CodeIgniter->runController(Object(App\Controllers\Crud))
 4 SYSTEMPATH\CodeIgniter.php(368): CodeIgniter\CodeIgniter->handleRequest(null, Object(Config\Cache), false)
 5 FCPATH\index.php(67): CodeIgniter\CodeIgniter->run()
 6 SYSTEMPATH\Commands\Server\rewrite.php(47): require_once('D:\\prakwebprog\\public\\index.php')
CRITICAL - 2023-07-07 23:48:04 --> syntax error, unexpected token ";", expecting "]"
in APPPATH\Controllers\Crud.php on line 28.
 1 SYSTEMPATH\Router\Router.php(507): CodeIgniter\Router\AutoRouter->getRoute('Crud/tambah')
 2 SYSTEMPATH\Router\Router.php(206): CodeIgniter\Router\Router->autoRoute('Crud/tambah')
 3 SYSTEMPATH\CodeIgniter.php(815): CodeIgniter\Router\Router->handle('Crud/tambah')
 4 SYSTEMPATH\CodeIgniter.php(449): CodeIgniter\CodeIgniter->tryToRouteIt(Object(CodeIgniter\Router\RouteCollection))
 5 SYSTEMPATH\CodeIgniter.php(368): CodeIgniter\CodeIgniter->handleRequest(null, Object(Config\Cache), false)
 6 FCPATH\index.php(67): CodeIgniter\CodeIgniter->run()
 7 SYSTEMPATH\Commands\Server\rewrite.php(47): require_once('D:\\prakwebprog\\public\\index.php')
CRITICAL - 2023-07-07 23:50:31 --> syntax error, unexpected variable "$mahasiswa"
in APPPATH\Controllers\Crud.php on line 34.
 1 SYSTEMPATH\Autoloader\Autoloader.php(289): CodeIgniter\Autoloader\Autoloader->includeFile('D:\\prakwebprog\\app\\Controllers\\Crud.php')
 2 SYSTEMPATH\Autoloader\Autoloader.php(267): CodeIgniter\Autoloader\Autoloader->loadInNamespace('App\\Controllers\\Crud')
 3 [internal function]: CodeIgniter\Autoloader\Autoloader->loadClass('App\\Controllers\\Crud')
 4 SYSTEMPATH\CodeIgniter.php(892): class_exists('\\App\\Controllers\\Crud', true)
 5 SYSTEMPATH\CodeIgniter.php(486): CodeIgniter\CodeIgniter->startController()
 6 SYSTEMPATH\CodeIgniter.php(368): CodeIgniter\CodeIgniter->handleRequest(null, Object(Config\Cache), false)
 7 FCPATH\index.php(67): CodeIgniter\CodeIgniter->run()
 8 SYSTEMPATH\Commands\Server\rewrite.php(47): require_once('D:\\prakwebprog\\public\\index.php')
CRITICAL - 2023-07-07 23:54:49 --> Undefined variable $nama
in APPPATH\Controllers\Crud.php on line 32.
 1 APPPATH\Controllers\Crud.php(32): CodeIgniter\Debug\Exceptions->errorHandler(2, 'Undefined variable $nama', 'D:\\prakwebprog\\app\\Controllers\\Crud.php', 32)
 2 SYSTEMPATH\CodeIgniter.php(934): App\Controllers\Crud->tambah()
 3 SYSTEMPATH\CodeIgniter.php(499): CodeIgniter\CodeIgniter->runController(Object(App\Controllers\Crud))
 4 SYSTEMPATH\CodeIgniter.php(368): CodeIgniter\CodeIgniter->handleRequest(null, Object(Config\Cache), false)
 5 FCPATH\index.php(67): CodeIgniter\CodeIgniter->run()
 6 SYSTEMPATH\Commands\Server\rewrite.php(47): require_once('D:\\prakwebprog\\public\\index.php')
