CRITICAL - 2023-06-24 05:03:56 --> Use of undefined constant ‘ - assumed '‘' (this will throw an Error in a future version of PHP)
in APPPATH\Config\Routes.php on line 40.
 1 APPPATH\Config\Routes.php(40): CodeIgniter\Debug\Exceptions->errorHandler(2, 'Use of undefined constant ‘ - assumed \'‘\' (this will throw an Error in a future version of PHP)', 'C:\\xampp\\htdocs\\prakwebpro\\app\\Config\\Routes.php', 40, [...])
 2 SYSTEMPATH\Router\RouteCollection.php(267): require('C:\\xampp\\htdocs\\prakwebpro\\app\\Config\\Routes.php')
 3 SYSTEMPATH\CodeIgniter.php(802): CodeIgniter\Router\RouteCollection->loadRoutes()
 4 SYSTEMPATH\CodeIgniter.php(449): CodeIgniter\CodeIgniter->tryToRouteIt(null)
 5 SYSTEMPATH\CodeIgniter.php(368): CodeIgniter\CodeIgniter->handleRequest(null, Object(Config\Cache), false)
 6 FCPATH\index.php(67): CodeIgniter\CodeIgniter->run()
 7 SYSTEMPATH\Commands\Server\rewrite.php(47): require_once('C:\\xampp\\htdocs\\prakwebpro\\public\\index.php')
CRITICAL - 2023-06-24 05:04:31 --> Use of undefined constant ‘ - assumed '‘' (this will throw an Error in a future version of PHP)
in APPPATH\Config\Routes.php on line 40.
 1 APPPATH\Config\Routes.php(40): CodeIgniter\Debug\Exceptions->errorHandler(2, 'Use of undefined constant ‘ - assumed \'‘\' (this will throw an Error in a future version of PHP)', 'C:\\xampp\\htdocs\\prakwebpro\\app\\Config\\Routes.php', 40, [...])
 2 SYSTEMPATH\Router\RouteCollection.php(267): require('C:\\xampp\\htdocs\\prakwebpro\\app\\Config\\Routes.php')
 3 SYSTEMPATH\CodeIgniter.php(802): CodeIgniter\Router\RouteCollection->loadRoutes()
 4 SYSTEMPATH\CodeIgniter.php(449): CodeIgniter\CodeIgniter->tryToRouteIt(null)
 5 SYSTEMPATH\CodeIgniter.php(368): CodeIgniter\CodeIgniter->handleRequest(null, Object(Config\Cache), false)
 6 FCPATH\index.php(67): CodeIgniter\CodeIgniter->run()
 7 SYSTEMPATH\Commands\Server\rewrite.php(47): require_once('C:\\xampp\\htdocs\\prakwebpro\\public\\index.php')
CRITICAL - 2023-06-24 07:22:36 --> Invalid file: "layout/layout.php"
in SYSTEMPATH\Exceptions\FrameworkException.php on line 33.
 1 SYSTEMPATH\View\View.php(201): CodeIgniter\Exceptions\FrameworkException::forInvalidFile('layout/layout.php')
 2 SYSTEMPATH\View\View.php(229): CodeIgniter\View\View->render('layout/layout', [], true)
 3 SYSTEMPATH\Common.php(1184): CodeIgniter\View\View->render('profile', [], true)
 4 APPPATH\Controllers\pages.php(11): view('profile')
 5 SYSTEMPATH\CodeIgniter.php(934): App\Controllers\pages->profile()
 6 SYSTEMPATH\CodeIgniter.php(499): CodeIgniter\CodeIgniter->runController(Object(App\Controllers\pages))
 7 SYSTEMPATH\CodeIgniter.php(368): CodeIgniter\CodeIgniter->handleRequest(null, Object(Config\Cache), false)
 8 FCPATH\index.php(67): CodeIgniter\CodeIgniter->run()
 9 SYSTEMPATH\Commands\Server\rewrite.php(47): require_once('C:\\xampp\\htdocs\\prakwebpro\\public\\index.php')
CRITICAL - 2023-06-24 07:22:37 --> Invalid file: "layout/layout.php"
in SYSTEMPATH\Exceptions\FrameworkException.php on line 33.
 1 SYSTEMPATH\View\View.php(201): CodeIgniter\Exceptions\FrameworkException::forInvalidFile('layout/layout.php')
 2 SYSTEMPATH\View\View.php(229): CodeIgniter\View\View->render('layout/layout', [], true)
 3 SYSTEMPATH\Common.php(1184): CodeIgniter\View\View->render('profile', [], true)
 4 APPPATH\Controllers\pages.php(11): view('profile')
 5 SYSTEMPATH\CodeIgniter.php(934): App\Controllers\pages->profile()
 6 SYSTEMPATH\CodeIgniter.php(499): CodeIgniter\CodeIgniter->runController(Object(App\Controllers\pages))
 7 SYSTEMPATH\CodeIgniter.php(368): CodeIgniter\CodeIgniter->handleRequest(null, Object(Config\Cache), false)
 8 FCPATH\index.php(67): CodeIgniter\CodeIgniter->run()
 9 SYSTEMPATH\Commands\Server\rewrite.php(47): require_once('C:\\xampp\\htdocs\\prakwebpro\\public\\index.php')
CRITICAL - 2023-06-24 07:23:14 --> Invalid file: "layout/layout.php"
in SYSTEMPATH\Exceptions\FrameworkException.php on line 33.
 1 SYSTEMPATH\View\View.php(201): CodeIgniter\Exceptions\FrameworkException::forInvalidFile('layout/layout.php')
 2 SYSTEMPATH\View\View.php(229): CodeIgniter\View\View->render('layout/layout', [], true)
 3 SYSTEMPATH\Common.php(1184): CodeIgniter\View\View->render('profile', [], true)
 4 APPPATH\Controllers\pages.php(11): view('profile')
 5 SYSTEMPATH\CodeIgniter.php(934): App\Controllers\pages->profile()
 6 SYSTEMPATH\CodeIgniter.php(499): CodeIgniter\CodeIgniter->runController(Object(App\Controllers\pages))
 7 SYSTEMPATH\CodeIgniter.php(368): CodeIgniter\CodeIgniter->handleRequest(null, Object(Config\Cache), false)
 8 FCPATH\index.php(67): CodeIgniter\CodeIgniter->run()
 9 SYSTEMPATH\Commands\Server\rewrite.php(47): require_once('C:\\xampp\\htdocs\\prakwebpro\\public\\index.php')
CRITICAL - 2023-06-24 07:23:14 --> Invalid file: "layout/layout.php"
in SYSTEMPATH\Exceptions\FrameworkException.php on line 33.
 1 SYSTEMPATH\View\View.php(201): CodeIgniter\Exceptions\FrameworkException::forInvalidFile('layout/layout.php')
 2 SYSTEMPATH\View\View.php(229): CodeIgniter\View\View->render('layout/layout', [], true)
 3 SYSTEMPATH\Common.php(1184): CodeIgniter\View\View->render('profile', [], true)
 4 APPPATH\Controllers\pages.php(11): view('profile')
 5 SYSTEMPATH\CodeIgniter.php(934): App\Controllers\pages->profile()
 6 SYSTEMPATH\CodeIgniter.php(499): CodeIgniter\CodeIgniter->runController(Object(App\Controllers\pages))
 7 SYSTEMPATH\CodeIgniter.php(368): CodeIgniter\CodeIgniter->handleRequest(null, Object(Config\Cache), false)
 8 FCPATH\index.php(67): CodeIgniter\CodeIgniter->run()
 9 SYSTEMPATH\Commands\Server\rewrite.php(47): require_once('C:\\xampp\\htdocs\\prakwebpro\\public\\index.php')
CRITICAL - 2023-06-24 07:23:14 --> Invalid file: "layout/layout.php"
in SYSTEMPATH\Exceptions\FrameworkException.php on line 33.
 1 SYSTEMPATH\View\View.php(201): CodeIgniter\Exceptions\FrameworkException::forInvalidFile('layout/layout.php')
 2 SYSTEMPATH\View\View.php(229): CodeIgniter\View\View->render('layout/layout', [], true)
 3 SYSTEMPATH\Common.php(1184): CodeIgniter\View\View->render('profile', [], true)
 4 APPPATH\Controllers\pages.php(11): view('profile')
 5 SYSTEMPATH\CodeIgniter.php(934): App\Controllers\pages->profile()
 6 SYSTEMPATH\CodeIgniter.php(499): CodeIgniter\CodeIgniter->runController(Object(App\Controllers\pages))
 7 SYSTEMPATH\CodeIgniter.php(368): CodeIgniter\CodeIgniter->handleRequest(null, Object(Config\Cache), false)
 8 FCPATH\index.php(67): CodeIgniter\CodeIgniter->run()
 9 SYSTEMPATH\Commands\Server\rewrite.php(47): require_once('C:\\xampp\\htdocs\\prakwebpro\\public\\index.php')
CRITICAL - 2023-06-24 07:23:14 --> Invalid file: "layout/layout.php"
in SYSTEMPATH\Exceptions\FrameworkException.php on line 33.
 1 SYSTEMPATH\View\View.php(201): CodeIgniter\Exceptions\FrameworkException::forInvalidFile('layout/layout.php')
 2 SYSTEMPATH\View\View.php(229): CodeIgniter\View\View->render('layout/layout', [], true)
 3 SYSTEMPATH\Common.php(1184): CodeIgniter\View\View->render('profile', [], true)
 4 APPPATH\Controllers\pages.php(11): view('profile')
 5 SYSTEMPATH\CodeIgniter.php(934): App\Controllers\pages->profile()
 6 SYSTEMPATH\CodeIgniter.php(499): CodeIgniter\CodeIgniter->runController(Object(App\Controllers\pages))
 7 SYSTEMPATH\CodeIgniter.php(368): CodeIgniter\CodeIgniter->handleRequest(null, Object(Config\Cache), false)
 8 FCPATH\index.php(67): CodeIgniter\CodeIgniter->run()
 9 SYSTEMPATH\Commands\Server\rewrite.php(47): require_once('C:\\xampp\\htdocs\\prakwebpro\\public\\index.php')
CRITICAL - 2023-06-24 07:23:24 --> Invalid file: "layout/layout.php"
in SYSTEMPATH\Exceptions\FrameworkException.php on line 33.
 1 SYSTEMPATH\View\View.php(201): CodeIgniter\Exceptions\FrameworkException::forInvalidFile('layout/layout.php')
 2 SYSTEMPATH\View\View.php(229): CodeIgniter\View\View->render('layout/layout', [], true)
 3 SYSTEMPATH\Common.php(1184): CodeIgniter\View\View->render('profile', [], true)
 4 APPPATH\Controllers\pages.php(11): view('profile')
 5 SYSTEMPATH\CodeIgniter.php(934): App\Controllers\pages->profile()
 6 SYSTEMPATH\CodeIgniter.php(499): CodeIgniter\CodeIgniter->runController(Object(App\Controllers\pages))
 7 SYSTEMPATH\CodeIgniter.php(368): CodeIgniter\CodeIgniter->handleRequest(null, Object(Config\Cache), false)
 8 FCPATH\index.php(67): CodeIgniter\CodeIgniter->run()
 9 SYSTEMPATH\Commands\Server\rewrite.php(47): require_once('C:\\xampp\\htdocs\\prakwebpro\\public\\index.php')
CRITICAL - 2023-06-24 07:25:34 --> Invalid file: "layout/layout.php"
in SYSTEMPATH\Exceptions\FrameworkException.php on line 33.
 1 SYSTEMPATH\View\View.php(201): CodeIgniter\Exceptions\FrameworkException::forInvalidFile('layout/layout.php')
 2 SYSTEMPATH\View\View.php(229): CodeIgniter\View\View->render('layout/layout', [], true)
 3 SYSTEMPATH\Common.php(1184): CodeIgniter\View\View->render('profile', [], true)
 4 APPPATH\Controllers\pages.php(11): view('profile')
 5 SYSTEMPATH\CodeIgniter.php(934): App\Controllers\pages->profile()
 6 SYSTEMPATH\CodeIgniter.php(499): CodeIgniter\CodeIgniter->runController(Object(App\Controllers\pages))
 7 SYSTEMPATH\CodeIgniter.php(368): CodeIgniter\CodeIgniter->handleRequest(null, Object(Config\Cache), false)
 8 FCPATH\index.php(67): CodeIgniter\CodeIgniter->run()
 9 SYSTEMPATH\Commands\Server\rewrite.php(47): require_once('C:\\xampp\\htdocs\\prakwebpro\\public\\index.php')
CRITICAL - 2023-06-24 07:25:34 --> Invalid file: "layout/layout.php"
in SYSTEMPATH\Exceptions\FrameworkException.php on line 33.
 1 SYSTEMPATH\View\View.php(201): CodeIgniter\Exceptions\FrameworkException::forInvalidFile('layout/layout.php')
 2 SYSTEMPATH\View\View.php(229): CodeIgniter\View\View->render('layout/layout', [], true)
 3 SYSTEMPATH\Common.php(1184): CodeIgniter\View\View->render('profile', [], true)
 4 APPPATH\Controllers\pages.php(11): view('profile')
 5 SYSTEMPATH\CodeIgniter.php(934): App\Controllers\pages->profile()
 6 SYSTEMPATH\CodeIgniter.php(499): CodeIgniter\CodeIgniter->runController(Object(App\Controllers\pages))
 7 SYSTEMPATH\CodeIgniter.php(368): CodeIgniter\CodeIgniter->handleRequest(null, Object(Config\Cache), false)
 8 FCPATH\index.php(67): CodeIgniter\CodeIgniter->run()
 9 SYSTEMPATH\Commands\Server\rewrite.php(47): require_once('C:\\xampp\\htdocs\\prakwebpro\\public\\index.php')
CRITICAL - 2023-06-24 07:25:34 --> Invalid file: "layout/layout.php"
in SYSTEMPATH\Exceptions\FrameworkException.php on line 33.
 1 SYSTEMPATH\View\View.php(201): CodeIgniter\Exceptions\FrameworkException::forInvalidFile('layout/layout.php')
 2 SYSTEMPATH\View\View.php(229): CodeIgniter\View\View->render('layout/layout', [], true)
 3 SYSTEMPATH\Common.php(1184): CodeIgniter\View\View->render('profile', [], true)
 4 APPPATH\Controllers\pages.php(11): view('profile')
 5 SYSTEMPATH\CodeIgniter.php(934): App\Controllers\pages->profile()
 6 SYSTEMPATH\CodeIgniter.php(499): CodeIgniter\CodeIgniter->runController(Object(App\Controllers\pages))
 7 SYSTEMPATH\CodeIgniter.php(368): CodeIgniter\CodeIgniter->handleRequest(null, Object(Config\Cache), false)
 8 FCPATH\index.php(67): CodeIgniter\CodeIgniter->run()
 9 SYSTEMPATH\Commands\Server\rewrite.php(47): require_once('C:\\xampp\\htdocs\\prakwebpro\\public\\index.php')
CRITICAL - 2023-06-24 07:25:34 --> Invalid file: "layout/layout.php"
in SYSTEMPATH\Exceptions\FrameworkException.php on line 33.
 1 SYSTEMPATH\View\View.php(201): CodeIgniter\Exceptions\FrameworkException::forInvalidFile('layout/layout.php')
 2 SYSTEMPATH\View\View.php(229): CodeIgniter\View\View->render('layout/layout', [], true)
 3 SYSTEMPATH\Common.php(1184): CodeIgniter\View\View->render('profile', [], true)
 4 APPPATH\Controllers\pages.php(11): view('profile')
 5 SYSTEMPATH\CodeIgniter.php(934): App\Controllers\pages->profile()
 6 SYSTEMPATH\CodeIgniter.php(499): CodeIgniter\CodeIgniter->runController(Object(App\Controllers\pages))
 7 SYSTEMPATH\CodeIgniter.php(368): CodeIgniter\CodeIgniter->handleRequest(null, Object(Config\Cache), false)
 8 FCPATH\index.php(67): CodeIgniter\CodeIgniter->run()
 9 SYSTEMPATH\Commands\Server\rewrite.php(47): require_once('C:\\xampp\\htdocs\\prakwebpro\\public\\index.php')
CRITICAL - 2023-06-24 07:25:35 --> Invalid file: "layout/layout.php"
in SYSTEMPATH\Exceptions\FrameworkException.php on line 33.
 1 SYSTEMPATH\View\View.php(201): CodeIgniter\Exceptions\FrameworkException::forInvalidFile('layout/layout.php')
 2 SYSTEMPATH\View\View.php(229): CodeIgniter\View\View->render('layout/layout', [], true)
 3 SYSTEMPATH\Common.php(1184): CodeIgniter\View\View->render('profile', [], true)
 4 APPPATH\Controllers\pages.php(11): view('profile')
 5 SYSTEMPATH\CodeIgniter.php(934): App\Controllers\pages->profile()
 6 SYSTEMPATH\CodeIgniter.php(499): CodeIgniter\CodeIgniter->runController(Object(App\Controllers\pages))
 7 SYSTEMPATH\CodeIgniter.php(368): CodeIgniter\CodeIgniter->handleRequest(null, Object(Config\Cache), false)
 8 FCPATH\index.php(67): CodeIgniter\CodeIgniter->run()
 9 SYSTEMPATH\Commands\Server\rewrite.php(47): require_once('C:\\xampp\\htdocs\\prakwebpro\\public\\index.php')
CRITICAL - 2023-06-24 07:25:35 --> Invalid file: "layout/layout.php"
in SYSTEMPATH\Exceptions\FrameworkException.php on line 33.
 1 SYSTEMPATH\View\View.php(201): CodeIgniter\Exceptions\FrameworkException::forInvalidFile('layout/layout.php')
 2 SYSTEMPATH\View\View.php(229): CodeIgniter\View\View->render('layout/layout', [], true)
 3 SYSTEMPATH\Common.php(1184): CodeIgniter\View\View->render('profile', [], true)
 4 APPPATH\Controllers\pages.php(11): view('profile')
 5 SYSTEMPATH\CodeIgniter.php(934): App\Controllers\pages->profile()
 6 SYSTEMPATH\CodeIgniter.php(499): CodeIgniter\CodeIgniter->runController(Object(App\Controllers\pages))
 7 SYSTEMPATH\CodeIgniter.php(368): CodeIgniter\CodeIgniter->handleRequest(null, Object(Config\Cache), false)
 8 FCPATH\index.php(67): CodeIgniter\CodeIgniter->run()
 9 SYSTEMPATH\Commands\Server\rewrite.php(47): require_once('C:\\xampp\\htdocs\\prakwebpro\\public\\index.php')
CRITICAL - 2023-06-24 07:25:35 --> Invalid file: "layout/layout.php"
in SYSTEMPATH\Exceptions\FrameworkException.php on line 33.
 1 SYSTEMPATH\View\View.php(201): CodeIgniter\Exceptions\FrameworkException::forInvalidFile('layout/layout.php')
 2 SYSTEMPATH\View\View.php(229): CodeIgniter\View\View->render('layout/layout', [], true)
 3 SYSTEMPATH\Common.php(1184): CodeIgniter\View\View->render('profile', [], true)
 4 APPPATH\Controllers\pages.php(11): view('profile')
 5 SYSTEMPATH\CodeIgniter.php(934): App\Controllers\pages->profile()
 6 SYSTEMPATH\CodeIgniter.php(499): CodeIgniter\CodeIgniter->runController(Object(App\Controllers\pages))
 7 SYSTEMPATH\CodeIgniter.php(368): CodeIgniter\CodeIgniter->handleRequest(null, Object(Config\Cache), false)
 8 FCPATH\index.php(67): CodeIgniter\CodeIgniter->run()
 9 SYSTEMPATH\Commands\Server\rewrite.php(47): require_once('C:\\xampp\\htdocs\\prakwebpro\\public\\index.php')
CRITICAL - 2023-06-24 07:25:35 --> Invalid file: "layout/layout.php"
in SYSTEMPATH\Exceptions\FrameworkException.php on line 33.
 1 SYSTEMPATH\View\View.php(201): CodeIgniter\Exceptions\FrameworkException::forInvalidFile('layout/layout.php')
 2 SYSTEMPATH\View\View.php(229): CodeIgniter\View\View->render('layout/layout', [], true)
 3 SYSTEMPATH\Common.php(1184): CodeIgniter\View\View->render('profile', [], true)
 4 APPPATH\Controllers\pages.php(11): view('profile')
 5 SYSTEMPATH\CodeIgniter.php(934): App\Controllers\pages->profile()
 6 SYSTEMPATH\CodeIgniter.php(499): CodeIgniter\CodeIgniter->runController(Object(App\Controllers\pages))
 7 SYSTEMPATH\CodeIgniter.php(368): CodeIgniter\CodeIgniter->handleRequest(null, Object(Config\Cache), false)
 8 FCPATH\index.php(67): CodeIgniter\CodeIgniter->run()
 9 SYSTEMPATH\Commands\Server\rewrite.php(47): require_once('C:\\xampp\\htdocs\\prakwebpro\\public\\index.php')
CRITICAL - 2023-06-24 07:25:36 --> Invalid file: "layout/layout.php"
in SYSTEMPATH\Exceptions\FrameworkException.php on line 33.
 1 SYSTEMPATH\View\View.php(201): CodeIgniter\Exceptions\FrameworkException::forInvalidFile('layout/layout.php')
 2 SYSTEMPATH\View\View.php(229): CodeIgniter\View\View->render('layout/layout', [], true)
 3 SYSTEMPATH\Common.php(1184): CodeIgniter\View\View->render('profile', [], true)
 4 APPPATH\Controllers\pages.php(11): view('profile')
 5 SYSTEMPATH\CodeIgniter.php(934): App\Controllers\pages->profile()
 6 SYSTEMPATH\CodeIgniter.php(499): CodeIgniter\CodeIgniter->runController(Object(App\Controllers\pages))
 7 SYSTEMPATH\CodeIgniter.php(368): CodeIgniter\CodeIgniter->handleRequest(null, Object(Config\Cache), false)
 8 FCPATH\index.php(67): CodeIgniter\CodeIgniter->run()
 9 SYSTEMPATH\Commands\Server\rewrite.php(47): require_once('C:\\xampp\\htdocs\\prakwebpro\\public\\index.php')
CRITICAL - 2023-06-24 07:25:36 --> Invalid file: "layout/layout.php"
in SYSTEMPATH\Exceptions\FrameworkException.php on line 33.
 1 SYSTEMPATH\View\View.php(201): CodeIgniter\Exceptions\FrameworkException::forInvalidFile('layout/layout.php')
 2 SYSTEMPATH\View\View.php(229): CodeIgniter\View\View->render('layout/layout', [], true)
 3 SYSTEMPATH\Common.php(1184): CodeIgniter\View\View->render('profile', [], true)
 4 APPPATH\Controllers\pages.php(11): view('profile')
 5 SYSTEMPATH\CodeIgniter.php(934): App\Controllers\pages->profile()
 6 SYSTEMPATH\CodeIgniter.php(499): CodeIgniter\CodeIgniter->runController(Object(App\Controllers\pages))
 7 SYSTEMPATH\CodeIgniter.php(368): CodeIgniter\CodeIgniter->handleRequest(null, Object(Config\Cache), false)
 8 FCPATH\index.php(67): CodeIgniter\CodeIgniter->run()
 9 SYSTEMPATH\Commands\Server\rewrite.php(47): require_once('C:\\xampp\\htdocs\\prakwebpro\\public\\index.php')
CRITICAL - 2023-06-24 07:25:43 --> Invalid file: "layout/layout.php"
in SYSTEMPATH\Exceptions\FrameworkException.php on line 33.
 1 SYSTEMPATH\View\View.php(201): CodeIgniter\Exceptions\FrameworkException::forInvalidFile('layout/layout.php')
 2 SYSTEMPATH\View\View.php(229): CodeIgniter\View\View->render('layout/layout', [], true)
 3 SYSTEMPATH\Common.php(1184): CodeIgniter\View\View->render('profile', [], true)
 4 APPPATH\Controllers\pages.php(11): view('profile')
 5 SYSTEMPATH\CodeIgniter.php(934): App\Controllers\pages->profile()
 6 SYSTEMPATH\CodeIgniter.php(499): CodeIgniter\CodeIgniter->runController(Object(App\Controllers\pages))
 7 SYSTEMPATH\CodeIgniter.php(368): CodeIgniter\CodeIgniter->handleRequest(null, Object(Config\Cache), false)
 8 FCPATH\index.php(67): CodeIgniter\CodeIgniter->run()
 9 SYSTEMPATH\Commands\Server\rewrite.php(47): require_once('C:\\xampp\\htdocs\\prakwebpro\\public\\index.php')
CRITICAL - 2023-06-24 07:25:52 --> Invalid file: "layout/layout.php"
in SYSTEMPATH\Exceptions\FrameworkException.php on line 33.
 1 SYSTEMPATH\View\View.php(201): CodeIgniter\Exceptions\FrameworkException::forInvalidFile('layout/layout.php')
 2 SYSTEMPATH\View\View.php(229): CodeIgniter\View\View->render('layout/layout', [], true)
 3 SYSTEMPATH\Common.php(1184): CodeIgniter\View\View->render('profile', [], true)
 4 APPPATH\Controllers\pages.php(11): view('profile')
 5 SYSTEMPATH\CodeIgniter.php(934): App\Controllers\pages->profile()
 6 SYSTEMPATH\CodeIgniter.php(499): CodeIgniter\CodeIgniter->runController(Object(App\Controllers\pages))
 7 SYSTEMPATH\CodeIgniter.php(368): CodeIgniter\CodeIgniter->handleRequest(null, Object(Config\Cache), false)
 8 FCPATH\index.php(67): CodeIgniter\CodeIgniter->run()
 9 SYSTEMPATH\Commands\Server\rewrite.php(47): require_once('C:\\xampp\\htdocs\\prakwebpro\\public\\index.php')
