CRITICAL - 2023-06-10 07:55:04 --> Invalid file: "hasil.php"
in SYSTEMPATH\Exceptions\FrameworkException.php on line 33.
 1 SYSTEMPATH\View\View.php(201): CodeIgniter\Exceptions\FrameworkException::forInvalidFile('hasil.php')
 2 SYSTEMPATH\Common.php(1184): CodeIgniter\View\View->render('hasil', [], true)
 3 APPPATH\Controllers\FormController.php(36): view('hasil', [...])
 4 SYSTEMPATH\CodeIgniter.php(934): App\Controllers\FormController->processForm()
 5 SYSTEMPATH\CodeIgniter.php(499): CodeIgniter\CodeIgniter->runController(Object(App\Controllers\FormController))
 6 SYSTEMPATH\CodeIgniter.php(368): CodeIgniter\CodeIgniter->handleRequest(null, Object(Config\Cache), false)
 7 FCPATH\index.php(67): CodeIgniter\CodeIgniter->run()
 8 SYSTEMPATH\Commands\Server\rewrite.php(47): require_once('C:\\xampp\\htdocs\\prakwebpro\\public\\index.php')
CRITICAL - 2023-06-10 07:56:02 --> Invalid file: "hasil.php"
in SYSTEMPATH\Exceptions\FrameworkException.php on line 33.
 1 SYSTEMPATH\View\View.php(201): CodeIgniter\Exceptions\FrameworkException::forInvalidFile('hasil.php')
 2 SYSTEMPATH\Common.php(1184): CodeIgniter\View\View->render('hasil', [], true)
 3 APPPATH\Controllers\FormController.php(36): view('hasil', [...])
 4 SYSTEMPATH\CodeIgniter.php(934): App\Controllers\FormController->processForm()
 5 SYSTEMPATH\CodeIgniter.php(499): CodeIgniter\CodeIgniter->runController(Object(App\Controllers\FormController))
 6 SYSTEMPATH\CodeIgniter.php(368): CodeIgniter\CodeIgniter->handleRequest(null, Object(Config\Cache), false)
 7 FCPATH\index.php(67): CodeIgniter\CodeIgniter->run()
 8 SYSTEMPATH\Commands\Server\rewrite.php(47): require_once('C:\\xampp\\htdocs\\prakwebpro\\public\\index.php')
