CRITICAL - 2023-07-08 00:04:24 --> Undefined array key "newNim"
in APPPATH\Controllers\Crud.php on line 62.
 1 APPPATH\Controllers\Crud.php(62): CodeIgniter\Debug\Exceptions->errorHandler(2, 'Undefined array key "newNim"', 'D:\\prakwebprog\\app\\Controllers\\Crud.php', 62)
 2 SYSTEMPATH\CodeIgniter.php(934): App\Controllers\Crud->editan()
 3 SYSTEMPATH\CodeIgniter.php(499): CodeIgniter\CodeIgniter->runController(Object(App\Controllers\Crud))
 4 SYSTEMPATH\CodeIgniter.php(368): CodeIgniter\CodeIgniter->handleRequest(null, Object(Config\Cache), false)
 5 FCPATH\index.php(67): CodeIgniter\CodeIgniter->run()
 6 SYSTEMPATH\Commands\Server\rewrite.php(47): require_once('D:\\prakwebprog\\public\\index.php')
CRITICAL - 2023-07-08 00:05:46 --> Too few arguments to function App\Controllers\Crud::edit(), 0 passed in D:\prakwebprog\vendor\codeigniter4\framework\system\CodeIgniter.php on line 934 and exactly 1 expected
in APPPATH\Controllers\Crud.php on line 50.
 1 SYSTEMPATH\CodeIgniter.php(934): App\Controllers\Crud->edit()
 2 SYSTEMPATH\CodeIgniter.php(499): CodeIgniter\CodeIgniter->runController(Object(App\Controllers\Crud))
 3 SYSTEMPATH\CodeIgniter.php(368): CodeIgniter\CodeIgniter->handleRequest(null, Object(Config\Cache), false)
 4 FCPATH\index.php(67): CodeIgniter\CodeIgniter->run()
 5 SYSTEMPATH\Commands\Server\rewrite.php(47): require_once('D:\\prakwebprog\\public\\index.php')
CRITICAL - 2023-07-08 00:07:40 --> Undefined array key "newNim"
in APPPATH\Controllers\Crud.php on line 62.
 1 APPPATH\Controllers\Crud.php(62): CodeIgniter\Debug\Exceptions->errorHandler(2, 'Undefined array key "newNim"', 'D:\\prakwebprog\\app\\Controllers\\Crud.php', 62)
 2 SYSTEMPATH\CodeIgniter.php(934): App\Controllers\Crud->editan()
 3 SYSTEMPATH\CodeIgniter.php(499): CodeIgniter\CodeIgniter->runController(Object(App\Controllers\Crud))
 4 SYSTEMPATH\CodeIgniter.php(368): CodeIgniter\CodeIgniter->handleRequest(null, Object(Config\Cache), false)
 5 FCPATH\index.php(67): CodeIgniter\CodeIgniter->run()
 6 SYSTEMPATH\Commands\Server\rewrite.php(47): require_once('D:\\prakwebprog\\public\\index.php')
CRITICAL - 2023-07-08 00:12:04 --> Undefined array key "newNim"
in APPPATH\Controllers\Crud.php on line 66.
 1 APPPATH\Controllers\Crud.php(66): CodeIgniter\Debug\Exceptions->errorHandler(2, 'Undefined array key "newNim"', 'D:\\prakwebprog\\app\\Controllers\\Crud.php', 66)
 2 SYSTEMPATH\CodeIgniter.php(934): App\Controllers\Crud->editan()
 3 SYSTEMPATH\CodeIgniter.php(499): CodeIgniter\CodeIgniter->runController(Object(App\Controllers\Crud))
 4 SYSTEMPATH\CodeIgniter.php(368): CodeIgniter\CodeIgniter->handleRequest(null, Object(Config\Cache), false)
 5 FCPATH\index.php(67): CodeIgniter\CodeIgniter->run()
 6 SYSTEMPATH\Commands\Server\rewrite.php(47): require_once('D:\\prakwebprog\\public\\index.php')
CRITICAL - 2023-07-08 00:20:41 --> Undefined variable $nim
in APPPATH\Controllers\Crud.php on line 62.
 1 APPPATH\Controllers\Crud.php(62): CodeIgniter\Debug\Exceptions->errorHandler(2, 'Undefined variable $nim', 'D:\\prakwebprog\\app\\Controllers\\Crud.php', 62)
 2 SYSTEMPATH\CodeIgniter.php(934): App\Controllers\Crud->editan()
 3 SYSTEMPATH\CodeIgniter.php(499): CodeIgniter\CodeIgniter->runController(Object(App\Controllers\Crud))
 4 SYSTEMPATH\CodeIgniter.php(368): CodeIgniter\CodeIgniter->handleRequest(null, Object(Config\Cache), false)
 5 FCPATH\index.php(67): CodeIgniter\CodeIgniter->run()
 6 SYSTEMPATH\Commands\Server\rewrite.php(47): require_once('D:\\prakwebprog\\public\\index.php')
CRITICAL - 2023-07-08 00:33:52 --> Undefined array key "newNim"
in APPPATH\Controllers\Crud.php on line 62.
 1 APPPATH\Controllers\Crud.php(62): CodeIgniter\Debug\Exceptions->errorHandler(2, 'Undefined array key "newNim"', 'D:\\prakwebprog\\app\\Controllers\\Crud.php', 62)
 2 SYSTEMPATH\CodeIgniter.php(934): App\Controllers\Crud->editan()
 3 SYSTEMPATH\CodeIgniter.php(499): CodeIgniter\CodeIgniter->runController(Object(App\Controllers\Crud))
 4 SYSTEMPATH\CodeIgniter.php(368): CodeIgniter\CodeIgniter->handleRequest(null, Object(Config\Cache), false)
 5 FCPATH\index.php(67): CodeIgniter\CodeIgniter->run()
 6 SYSTEMPATH\Commands\Server\rewrite.php(47): require_once('D:\\prakwebprog\\public\\index.php')
CRITICAL - 2023-07-08 00:41:19 --> Undefined array key "newNomorhandphone"
in APPPATH\Controllers\Crud.php on line 70.
 1 APPPATH\Controllers\Crud.php(70): CodeIgniter\Debug\Exceptions->errorHandler(2, 'Undefined array key "newNomorhandphone"', 'D:\\prakwebprog\\app\\Controllers\\Crud.php', 70)
 2 SYSTEMPATH\CodeIgniter.php(934): App\Controllers\Crud->editan()
 3 SYSTEMPATH\CodeIgniter.php(499): CodeIgniter\CodeIgniter->runController(Object(App\Controllers\Crud))
 4 SYSTEMPATH\CodeIgniter.php(368): CodeIgniter\CodeIgniter->handleRequest(null, Object(Config\Cache), false)
 5 FCPATH\index.php(67): CodeIgniter\CodeIgniter->run()
 6 SYSTEMPATH\Commands\Server\rewrite.php(47): require_once('D:\\prakwebprog\\public\\index.php')
CRITICAL - 2023-07-08 00:42:58 --> Too few arguments to function App\Controllers\Crud::edit(), 0 passed in D:\prakwebprog\vendor\codeigniter4\framework\system\CodeIgniter.php on line 934 and exactly 1 expected
in APPPATH\Controllers\Crud.php on line 50.
 1 SYSTEMPATH\CodeIgniter.php(934): App\Controllers\Crud->edit()
 2 SYSTEMPATH\CodeIgniter.php(499): CodeIgniter\CodeIgniter->runController(Object(App\Controllers\Crud))
 3 SYSTEMPATH\CodeIgniter.php(368): CodeIgniter\CodeIgniter->handleRequest(null, Object(Config\Cache), false)
 4 FCPATH\index.php(67): CodeIgniter\CodeIgniter->run()
 5 SYSTEMPATH\Commands\Server\rewrite.php(47): require_once('D:\\prakwebprog\\public\\index.php')
CRITICAL - 2023-07-08 00:43:03 --> Trying to access array offset on value of type null
in APPPATH\Views\crud\edit.php on line 12.
 1 APPPATH\Views\crud\edit.php(12): CodeIgniter\Debug\Exceptions->errorHandler(2, 'Trying to access array offset on value of type null', 'D:\\prakwebprog\\app\\Views\\crud\\edit.php', 12)
 2 SYSTEMPATH\View\View.php(213): include('D:\\prakwebprog\\app\\Views\\crud\\edit.php')
 3 SYSTEMPATH\View\View.php(216): CodeIgniter\View\View->CodeIgniter\View\{closure}()
 4 SYSTEMPATH\Common.php(1184): CodeIgniter\View\View->render('crud/edit', [], true)
 5 APPPATH\Controllers\Crud.php(57): view('crud/edit', [...])
 6 SYSTEMPATH\CodeIgniter.php(934): App\Controllers\Crud->edit('32602100009')
 7 SYSTEMPATH\CodeIgniter.php(499): CodeIgniter\CodeIgniter->runController(Object(App\Controllers\Crud))
 8 SYSTEMPATH\CodeIgniter.php(368): CodeIgniter\CodeIgniter->handleRequest(null, Object(Config\Cache), false)
 9 FCPATH\index.php(67): CodeIgniter\CodeIgniter->run()
10 SYSTEMPATH\Commands\Server\rewrite.php(47): require_once('D:\\prakwebprog\\public\\index.php')
CRITICAL - 2023-07-08 00:43:37 --> Too few arguments to function App\Controllers\Crud::edit(), 0 passed in D:\prakwebprog\vendor\codeigniter4\framework\system\CodeIgniter.php on line 934 and exactly 1 expected
in APPPATH\Controllers\Crud.php on line 50.
 1 SYSTEMPATH\CodeIgniter.php(934): App\Controllers\Crud->edit()
 2 SYSTEMPATH\CodeIgniter.php(499): CodeIgniter\CodeIgniter->runController(Object(App\Controllers\Crud))
 3 SYSTEMPATH\CodeIgniter.php(368): CodeIgniter\CodeIgniter->handleRequest(null, Object(Config\Cache), false)
 4 FCPATH\index.php(67): CodeIgniter\CodeIgniter->run()
 5 SYSTEMPATH\Commands\Server\rewrite.php(47): require_once('D:\\prakwebprog\\public\\index.php')
CRITICAL - 2023-07-08 00:43:50 --> Too few arguments to function App\Controllers\Crud::edit(), 0 passed in D:\prakwebprog\vendor\codeigniter4\framework\system\CodeIgniter.php on line 934 and exactly 1 expected
in APPPATH\Controllers\Crud.php on line 50.
 1 SYSTEMPATH\CodeIgniter.php(934): App\Controllers\Crud->edit()
 2 SYSTEMPATH\CodeIgniter.php(499): CodeIgniter\CodeIgniter->runController(Object(App\Controllers\Crud))
 3 SYSTEMPATH\CodeIgniter.php(368): CodeIgniter\CodeIgniter->handleRequest(null, Object(Config\Cache), false)
 4 FCPATH\index.php(67): CodeIgniter\CodeIgniter->run()
 5 SYSTEMPATH\Commands\Server\rewrite.php(47): require_once('D:\\prakwebprog\\public\\index.php')
CRITICAL - 2023-07-08 00:43:57 --> Too few arguments to function App\Controllers\Crud::edit(), 0 passed in D:\prakwebprog\vendor\codeigniter4\framework\system\CodeIgniter.php on line 934 and exactly 1 expected
in APPPATH\Controllers\Crud.php on line 50.
 1 SYSTEMPATH\CodeIgniter.php(934): App\Controllers\Crud->edit()
 2 SYSTEMPATH\CodeIgniter.php(499): CodeIgniter\CodeIgniter->runController(Object(App\Controllers\Crud))
 3 SYSTEMPATH\CodeIgniter.php(368): CodeIgniter\CodeIgniter->handleRequest(null, Object(Config\Cache), false)
 4 FCPATH\index.php(67): CodeIgniter\CodeIgniter->run()
 5 SYSTEMPATH\Commands\Server\rewrite.php(47): require_once('D:\\prakwebprog\\public\\index.php')
CRITICAL - 2023-07-08 00:44:11 --> Too few arguments to function App\Controllers\Crud::hapus(), 0 passed in D:\prakwebprog\vendor\codeigniter4\framework\system\CodeIgniter.php on line 934 and exactly 1 expected
in APPPATH\Controllers\Crud.php on line 74.
 1 SYSTEMPATH\CodeIgniter.php(934): App\Controllers\Crud->hapus()
 2 SYSTEMPATH\CodeIgniter.php(499): CodeIgniter\CodeIgniter->runController(Object(App\Controllers\Crud))
 3 SYSTEMPATH\CodeIgniter.php(368): CodeIgniter\CodeIgniter->handleRequest(null, Object(Config\Cache), false)
 4 FCPATH\index.php(67): CodeIgniter\CodeIgniter->run()
 5 SYSTEMPATH\Commands\Server\rewrite.php(47): require_once('D:\\prakwebprog\\public\\index.php')
CRITICAL - 2023-07-08 13:50:20 --> Invalid file: "profile.php"
in SYSTEMPATH\Exceptions\FrameworkException.php on line 33.
 1 SYSTEMPATH\View\View.php(201): CodeIgniter\Exceptions\FrameworkException::forInvalidFile('profile.php')
 2 SYSTEMPATH\Common.php(1184): CodeIgniter\View\View->render('profile', [], true)
 3 APPPATH\Controllers\FormController.php(11): view('profile')
 4 SYSTEMPATH\CodeIgniter.php(934): App\Controllers\FormController->profile()
 5 SYSTEMPATH\CodeIgniter.php(499): CodeIgniter\CodeIgniter->runController(Object(App\Controllers\FormController))
 6 SYSTEMPATH\CodeIgniter.php(368): CodeIgniter\CodeIgniter->handleRequest(null, Object(Config\Cache), false)
 7 FCPATH\index.php(67): CodeIgniter\CodeIgniter->run()
 8 SYSTEMPATH\Commands\Server\rewrite.php(47): require_once('D:\\prakwebprog\\public\\index.php')
CRITICAL - 2023-07-08 13:50:47 --> Invalid file: "experience.php"
in SYSTEMPATH\Exceptions\FrameworkException.php on line 33.
 1 SYSTEMPATH\View\View.php(201): CodeIgniter\Exceptions\FrameworkException::forInvalidFile('experience.php')
 2 SYSTEMPATH\Common.php(1184): CodeIgniter\View\View->render('experience', [], true)
 3 APPPATH\Controllers\FormController.php(15): view('experience')
 4 SYSTEMPATH\CodeIgniter.php(934): App\Controllers\FormController->experience()
 5 SYSTEMPATH\CodeIgniter.php(499): CodeIgniter\CodeIgniter->runController(Object(App\Controllers\FormController))
 6 SYSTEMPATH\CodeIgniter.php(368): CodeIgniter\CodeIgniter->handleRequest(null, Object(Config\Cache), false)
 7 FCPATH\index.php(67): CodeIgniter\CodeIgniter->run()
 8 SYSTEMPATH\Commands\Server\rewrite.php(47): require_once('D:\\prakwebprog\\public\\index.php')
CRITICAL - 2023-07-08 13:51:56 --> Invalid file: "layout.php"
in SYSTEMPATH\Exceptions\FrameworkException.php on line 33.
 1 SYSTEMPATH\View\View.php(201): CodeIgniter\Exceptions\FrameworkException::forInvalidFile('layout.php')
 2 SYSTEMPATH\View\View.php(229): CodeIgniter\View\View->render('layout', [], true)
 3 SYSTEMPATH\Common.php(1184): CodeIgniter\View\View->render('layout/profile', [], true)
 4 APPPATH\Controllers\FormController.php(11): view('layout/profile')
 5 SYSTEMPATH\CodeIgniter.php(934): App\Controllers\FormController->profile()
 6 SYSTEMPATH\CodeIgniter.php(499): CodeIgniter\CodeIgniter->runController(Object(App\Controllers\FormController))
 7 SYSTEMPATH\CodeIgniter.php(368): CodeIgniter\CodeIgniter->handleRequest(null, Object(Config\Cache), false)
 8 FCPATH\index.php(67): CodeIgniter\CodeIgniter->run()
 9 SYSTEMPATH\Commands\Server\rewrite.php(47): require_once('D:\\prakwebprog\\public\\index.php')
CRITICAL - 2023-07-08 13:52:27 --> Invalid file: "layout.php"
in SYSTEMPATH\Exceptions\FrameworkException.php on line 33.
 1 SYSTEMPATH\View\View.php(201): CodeIgniter\Exceptions\FrameworkException::forInvalidFile('layout.php')
 2 SYSTEMPATH\View\View.php(229): CodeIgniter\View\View->render('layout', [], true)
 3 SYSTEMPATH\Common.php(1184): CodeIgniter\View\View->render('layout/experience', [], true)
 4 APPPATH\Controllers\FormController.php(15): view('layout/experience')
 5 SYSTEMPATH\CodeIgniter.php(934): App\Controllers\FormController->experience()
 6 SYSTEMPATH\CodeIgniter.php(499): CodeIgniter\CodeIgniter->runController(Object(App\Controllers\FormController))
 7 SYSTEMPATH\CodeIgniter.php(368): CodeIgniter\CodeIgniter->handleRequest(null, Object(Config\Cache), false)
 8 FCPATH\index.php(67): CodeIgniter\CodeIgniter->run()
 9 SYSTEMPATH\Commands\Server\rewrite.php(47): require_once('D:\\prakwebprog\\public\\index.php')
CRITICAL - 2023-07-08 13:52:42 --> Invalid file: "layout.php"
in SYSTEMPATH\Exceptions\FrameworkException.php on line 33.
 1 SYSTEMPATH\View\View.php(201): CodeIgniter\Exceptions\FrameworkException::forInvalidFile('layout.php')
 2 SYSTEMPATH\View\View.php(229): CodeIgniter\View\View->render('layout', [], true)
 3 SYSTEMPATH\Common.php(1184): CodeIgniter\View\View->render('layout/experience', [], true)
 4 APPPATH\Controllers\FormController.php(15): view('layout/experience')
 5 SYSTEMPATH\CodeIgniter.php(934): App\Controllers\FormController->experience()
 6 SYSTEMPATH\CodeIgniter.php(499): CodeIgniter\CodeIgniter->runController(Object(App\Controllers\FormController))
 7 SYSTEMPATH\CodeIgniter.php(368): CodeIgniter\CodeIgniter->handleRequest(null, Object(Config\Cache), false)
 8 FCPATH\index.php(67): CodeIgniter\CodeIgniter->run()
 9 SYSTEMPATH\Commands\Server\rewrite.php(47): require_once('D:\\prakwebprog\\public\\index.php')
