ERROR - 2023-07-22 10:49:30 --> Error connecting to the database: mysqli_sql_exception: Unknown database 'db_kampus' in C:\xampp\htdocs\prakwebprog\vendor\codeigniter4\framework\system\Database\MySQLi\Connection.php:174
Stack trace:
#0 C:\xampp\htdocs\prakwebprog\vendor\codeigniter4\framework\system\Database\MySQLi\Connection.php(174): mysqli->real_connect('localhost', 'root', '', 'db_kampus', 3306, '', 0)
#1 C:\xampp\htdocs\prakwebprog\vendor\codeigniter4\framework\system\Database\BaseConnection.php(391): CodeIgniter\Database\MySQLi\Connection->connect(false)
#2 C:\xampp\htdocs\prakwebprog\vendor\codeigniter4\framework\system\Database\BaseConnection.php(574): CodeIgniter\Database\BaseConnection->initialize()
#3 C:\xampp\htdocs\prakwebprog\vendor\codeigniter4\framework\system\Database\BaseBuilder.php(1616): CodeIgniter\Database\BaseConnection->query('SELECT *\nFROM `...', Array, false)
#4 C:\xampp\htdocs\prakwebprog\vendor\codeigniter4\framework\system\Model.php(241): CodeIgniter\Database\BaseBuilder->get()
#5 C:\xampp\htdocs\prakwebprog\vendor\codeigniter4\framework\system\BaseModel.php(618): CodeIgniter\Model->doFindAll(0, 0)
#6 C:\xampp\htdocs\prakwebprog\app\Controllers\Crud.php(16): CodeIgniter\BaseModel->findAll()
#7 C:\xampp\htdocs\prakwebprog\vendor\codeigniter4\framework\system\CodeIgniter.php(934): App\Controllers\Crud->index()
#8 C:\xampp\htdocs\prakwebprog\vendor\codeigniter4\framework\system\CodeIgniter.php(499): CodeIgniter\CodeIgniter->runController(Object(App\Controllers\Crud))
#9 C:\xampp\htdocs\prakwebprog\vendor\codeigniter4\framework\system\CodeIgniter.php(368): CodeIgniter\CodeIgniter->handleRequest(NULL, Object(Config\Cache), false)
#10 C:\xampp\htdocs\prakwebprog\public\index.php(67): CodeIgniter\CodeIgniter->run()
#11 C:\xampp\htdocs\prakwebprog\vendor\codeigniter4\framework\system\Commands\Server\rewrite.php(47): require_once('C:\\xampp\\htdocs...')
#12 {main}

Next CodeIgniter\Database\Exceptions\DatabaseException: Unknown database 'db_kampus' in C:\xampp\htdocs\prakwebprog\vendor\codeigniter4\framework\system\Database\MySQLi\Connection.php:218
Stack trace:
#0 C:\xampp\htdocs\prakwebprog\vendor\codeigniter4\framework\system\Database\BaseConnection.php(391): CodeIgniter\Database\MySQLi\Connection->connect(false)
#1 C:\xampp\htdocs\prakwebprog\vendor\codeigniter4\framework\system\Database\BaseConnection.php(574): CodeIgniter\Database\BaseConnection->initialize()
#2 C:\xampp\htdocs\prakwebprog\vendor\codeigniter4\framework\system\Database\BaseBuilder.php(1616): CodeIgniter\Database\BaseConnection->query('SELECT *\nFROM `...', Array, false)
#3 C:\xampp\htdocs\prakwebprog\vendor\codeigniter4\framework\system\Model.php(241): CodeIgniter\Database\BaseBuilder->get()
#4 C:\xampp\htdocs\prakwebprog\vendor\codeigniter4\framework\system\BaseModel.php(618): CodeIgniter\Model->doFindAll(0, 0)
#5 C:\xampp\htdocs\prakwebprog\app\Controllers\Crud.php(16): CodeIgniter\BaseModel->findAll()
#6 C:\xampp\htdocs\prakwebprog\vendor\codeigniter4\framework\system\CodeIgniter.php(934): App\Controllers\Crud->index()
#7 C:\xampp\htdocs\prakwebprog\vendor\codeigniter4\framework\system\CodeIgniter.php(499): CodeIgniter\CodeIgniter->runController(Object(App\Controllers\Crud))
#8 C:\xampp\htdocs\prakwebprog\vendor\codeigniter4\framework\system\CodeIgniter.php(368): CodeIgniter\CodeIgniter->handleRequest(NULL, Object(Config\Cache), false)
#9 C:\xampp\htdocs\prakwebprog\public\index.php(67): CodeIgniter\CodeIgniter->run()
#10 C:\xampp\htdocs\prakwebprog\vendor\codeigniter4\framework\system\Commands\Server\rewrite.php(47): require_once('C:\\xampp\\htdocs...')
#11 {main}
CRITICAL - 2023-07-22 10:49:30 --> Unable to connect to the database.
Main connection [MySQLi]: Unknown database 'db_kampus'
in SYSTEMPATH\Database\BaseConnection.php on line 427.
 1 SYSTEMPATH\Database\BaseConnection.php(574): CodeIgniter\Database\BaseConnection->initialize()
 2 SYSTEMPATH\Database\BaseBuilder.php(1616): CodeIgniter\Database\BaseConnection->query('SELECT *
FROM `tb_mahasiswa`', [], false)
 3 SYSTEMPATH\Model.php(241): CodeIgniter\Database\BaseBuilder->get()
 4 SYSTEMPATH\BaseModel.php(618): CodeIgniter\Model->doFindAll(0, 0)
 5 APPPATH\Controllers\Crud.php(16): CodeIgniter\BaseModel->findAll()
 6 SYSTEMPATH\CodeIgniter.php(934): App\Controllers\Crud->index()
 7 SYSTEMPATH\CodeIgniter.php(499): CodeIgniter\CodeIgniter->runController(Object(App\Controllers\Crud))
 8 SYSTEMPATH\CodeIgniter.php(368): CodeIgniter\CodeIgniter->handleRequest(null, Object(Config\Cache), false)
 9 FCPATH\index.php(67): CodeIgniter\CodeIgniter->run()
10 SYSTEMPATH\Commands\Server\rewrite.php(47): require_once('C:\\xampp\\htdocs\\prakwebprog\\public\\index.php')
ERROR - 2023-07-22 10:57:24 --> mysqli_sql_exception: Table 'db_kampus.tb_mahasiswa' doesn't exist in C:\xampp\htdocs\prakwebprog\vendor\codeigniter4\framework\system\Database\MySQLi\Connection.php:295
Stack trace:
#0 C:\xampp\htdocs\prakwebprog\vendor\codeigniter4\framework\system\Database\MySQLi\Connection.php(295): mysqli->query('SELECT *\nFROM `...', 0)
#1 C:\xampp\htdocs\prakwebprog\vendor\codeigniter4\framework\system\Database\BaseConnection.php(692): CodeIgniter\Database\MySQLi\Connection->execute('SELECT *\nFROM `...')
#2 C:\xampp\htdocs\prakwebprog\vendor\codeigniter4\framework\system\Database\BaseConnection.php(606): CodeIgniter\Database\BaseConnection->simpleQuery('SELECT *\nFROM `...')
#3 C:\xampp\htdocs\prakwebprog\vendor\codeigniter4\framework\system\Database\BaseBuilder.php(1616): CodeIgniter\Database\BaseConnection->query('SELECT *\nFROM `...', Array, false)
#4 C:\xampp\htdocs\prakwebprog\vendor\codeigniter4\framework\system\Model.php(241): CodeIgniter\Database\BaseBuilder->get()
#5 C:\xampp\htdocs\prakwebprog\vendor\codeigniter4\framework\system\BaseModel.php(618): CodeIgniter\Model->doFindAll(0, 0)
#6 C:\xampp\htdocs\prakwebprog\app\Controllers\Crud.php(16): CodeIgniter\BaseModel->findAll()
#7 C:\xampp\htdocs\prakwebprog\vendor\codeigniter4\framework\system\CodeIgniter.php(934): App\Controllers\Crud->index()
#8 C:\xampp\htdocs\prakwebprog\vendor\codeigniter4\framework\system\CodeIgniter.php(499): CodeIgniter\CodeIgniter->runController(Object(App\Controllers\Crud))
#9 C:\xampp\htdocs\prakwebprog\vendor\codeigniter4\framework\system\CodeIgniter.php(368): CodeIgniter\CodeIgniter->handleRequest(NULL, Object(Config\Cache), false)
#10 C:\xampp\htdocs\prakwebprog\public\index.php(67): CodeIgniter\CodeIgniter->run()
#11 C:\xampp\htdocs\prakwebprog\vendor\codeigniter4\framework\system\Commands\Server\rewrite.php(47): require_once('C:\\xampp\\htdocs...')
#12 {main}
CRITICAL - 2023-07-22 10:57:24 --> Table 'db_kampus.tb_mahasiswa' doesn't exist
in SYSTEMPATH\Database\MySQLi\Connection.php on line 295.
 1 SYSTEMPATH\Database\MySQLi\Connection.php(295): mysqli->query('SELECT *
FROM `tb_mahasiswa`', 0)
 2 SYSTEMPATH\Database\BaseConnection.php(692): CodeIgniter\Database\MySQLi\Connection->execute('SELECT *
FROM `tb_mahasiswa`')
 3 SYSTEMPATH\Database\BaseConnection.php(606): CodeIgniter\Database\BaseConnection->simpleQuery('SELECT *
FROM `tb_mahasiswa`')
 4 SYSTEMPATH\Database\BaseBuilder.php(1616): CodeIgniter\Database\BaseConnection->query('SELECT *
FROM `tb_mahasiswa`', [], false)
 5 SYSTEMPATH\Model.php(241): CodeIgniter\Database\BaseBuilder->get()
 6 SYSTEMPATH\BaseModel.php(618): CodeIgniter\Model->doFindAll(0, 0)
 7 APPPATH\Controllers\Crud.php(16): CodeIgniter\BaseModel->findAll()
 8 SYSTEMPATH\CodeIgniter.php(934): App\Controllers\Crud->index()
 9 SYSTEMPATH\CodeIgniter.php(499): CodeIgniter\CodeIgniter->runController(Object(App\Controllers\Crud))
10 SYSTEMPATH\CodeIgniter.php(368): CodeIgniter\CodeIgniter->handleRequest(null, Object(Config\Cache), false)
11 FCPATH\index.php(67): CodeIgniter\CodeIgniter->run()
12 SYSTEMPATH\Commands\Server\rewrite.php(47): require_once('C:\\xampp\\htdocs\\prakwebprog\\public\\index.php')
CRITICAL - 2023-07-22 11:39:53 --> Too few arguments to function App\Controllers\Crud::hapus(), 0 passed in C:\xampp\htdocs\prakwebprog\vendor\codeigniter4\framework\system\CodeIgniter.php on line 934 and exactly 1 expected
in APPPATH\Controllers\Crud.php on line 74.
 1 SYSTEMPATH\CodeIgniter.php(934): App\Controllers\Crud->hapus()
 2 SYSTEMPATH\CodeIgniter.php(499): CodeIgniter\CodeIgniter->runController(Object(App\Controllers\Crud))
 3 SYSTEMPATH\CodeIgniter.php(368): CodeIgniter\CodeIgniter->handleRequest(null, Object(Config\Cache), false)
 4 FCPATH\index.php(67): CodeIgniter\CodeIgniter->run()
 5 SYSTEMPATH\Commands\Server\rewrite.php(47): require_once('C:\\xampp\\htdocs\\prakwebprog\\public\\index.php')
CRITICAL - 2023-07-22 11:40:21 --> Too few arguments to function App\Controllers\Crud::hapus(), 0 passed in C:\xampp\htdocs\prakwebprog\vendor\codeigniter4\framework\system\CodeIgniter.php on line 934 and exactly 1 expected
in APPPATH\Controllers\Crud.php on line 74.
 1 SYSTEMPATH\CodeIgniter.php(934): App\Controllers\Crud->hapus()
 2 SYSTEMPATH\CodeIgniter.php(499): CodeIgniter\CodeIgniter->runController(Object(App\Controllers\Crud))
 3 SYSTEMPATH\CodeIgniter.php(368): CodeIgniter\CodeIgniter->handleRequest(null, Object(Config\Cache), false)
 4 FCPATH\index.php(67): CodeIgniter\CodeIgniter->run()
 5 SYSTEMPATH\Commands\Server\rewrite.php(47): require_once('C:\\xampp\\htdocs\\prakwebprog\\public\\index.php')
CRITICAL - 2023-07-22 11:41:36 --> Too few arguments to function App\Controllers\Crud::edit(), 0 passed in C:\xampp\htdocs\prakwebprog\vendor\codeigniter4\framework\system\CodeIgniter.php on line 934 and exactly 1 expected
in APPPATH\Controllers\Crud.php on line 50.
 1 SYSTEMPATH\CodeIgniter.php(934): App\Controllers\Crud->edit()
 2 SYSTEMPATH\CodeIgniter.php(499): CodeIgniter\CodeIgniter->runController(Object(App\Controllers\Crud))
 3 SYSTEMPATH\CodeIgniter.php(368): CodeIgniter\CodeIgniter->handleRequest(null, Object(Config\Cache), false)
 4 FCPATH\index.php(67): CodeIgniter\CodeIgniter->run()
 5 SYSTEMPATH\Commands\Server\rewrite.php(47): require_once('C:\\xampp\\htdocs\\prakwebprog\\public\\index.php')
CRITICAL - 2023-07-22 11:43:30 --> Too few arguments to function App\Controllers\Crud::hapus(), 0 passed in C:\xampp\htdocs\prakwebprog\vendor\codeigniter4\framework\system\CodeIgniter.php on line 934 and exactly 1 expected
in APPPATH\Controllers\Crud.php on line 74.
 1 SYSTEMPATH\CodeIgniter.php(934): App\Controllers\Crud->hapus()
 2 SYSTEMPATH\CodeIgniter.php(499): CodeIgniter\CodeIgniter->runController(Object(App\Controllers\Crud))
 3 SYSTEMPATH\CodeIgniter.php(368): CodeIgniter\CodeIgniter->handleRequest(null, Object(Config\Cache), false)
 4 FCPATH\index.php(67): CodeIgniter\CodeIgniter->run()
 5 SYSTEMPATH\Commands\Server\rewrite.php(47): require_once('C:\\xampp\\htdocs\\prakwebprog\\public\\index.php')
CRITICAL - 2023-07-22 11:43:35 --> Too few arguments to function App\Controllers\Crud::hapus(), 0 passed in C:\xampp\htdocs\prakwebprog\vendor\codeigniter4\framework\system\CodeIgniter.php on line 934 and exactly 1 expected
in APPPATH\Controllers\Crud.php on line 74.
 1 SYSTEMPATH\CodeIgniter.php(934): App\Controllers\Crud->hapus()
 2 SYSTEMPATH\CodeIgniter.php(499): CodeIgniter\CodeIgniter->runController(Object(App\Controllers\Crud))
 3 SYSTEMPATH\CodeIgniter.php(368): CodeIgniter\CodeIgniter->handleRequest(null, Object(Config\Cache), false)
 4 FCPATH\index.php(67): CodeIgniter\CodeIgniter->run()
 5 SYSTEMPATH\Commands\Server\rewrite.php(47): require_once('C:\\xampp\\htdocs\\prakwebprog\\public\\index.php')
CRITICAL - 2023-07-22 11:43:39 --> Too few arguments to function App\Controllers\Crud::edit(), 0 passed in C:\xampp\htdocs\prakwebprog\vendor\codeigniter4\framework\system\CodeIgniter.php on line 934 and exactly 1 expected
in APPPATH\Controllers\Crud.php on line 50.
 1 SYSTEMPATH\CodeIgniter.php(934): App\Controllers\Crud->edit()
 2 SYSTEMPATH\CodeIgniter.php(499): CodeIgniter\CodeIgniter->runController(Object(App\Controllers\Crud))
 3 SYSTEMPATH\CodeIgniter.php(368): CodeIgniter\CodeIgniter->handleRequest(null, Object(Config\Cache), false)
 4 FCPATH\index.php(67): CodeIgniter\CodeIgniter->run()
 5 SYSTEMPATH\Commands\Server\rewrite.php(47): require_once('C:\\xampp\\htdocs\\prakwebprog\\public\\index.php')
CRITICAL - 2023-07-22 12:12:50 --> Too few arguments to function App\Controllers\Crud::edit(), 0 passed in C:\xampp\htdocs\prakwebprog\vendor\codeigniter4\framework\system\CodeIgniter.php on line 934 and exactly 1 expected
in APPPATH\Controllers\Crud.php on line 50.
 1 SYSTEMPATH\CodeIgniter.php(934): App\Controllers\Crud->edit()
 2 SYSTEMPATH\CodeIgniter.php(499): CodeIgniter\CodeIgniter->runController(Object(App\Controllers\Crud))
 3 SYSTEMPATH\CodeIgniter.php(368): CodeIgniter\CodeIgniter->handleRequest(null, Object(Config\Cache), false)
 4 FCPATH\index.php(67): CodeIgniter\CodeIgniter->run()
 5 SYSTEMPATH\Commands\Server\rewrite.php(47): require_once('C:\\xampp\\htdocs\\prakwebprog\\public\\index.php')
CRITICAL - 2023-07-22 17:50:19 --> syntax error, unexpected end of file
in APPPATH\Views\crud\view.php on line 45.
 1 SYSTEMPATH\View\View.php(216): CodeIgniter\View\View->CodeIgniter\View\{closure}()
 2 SYSTEMPATH\Common.php(1184): CodeIgniter\View\View->render('crud/view', [], true)
 3 APPPATH\Controllers\Crud.php(22): view('crud/view', [...])
 4 SYSTEMPATH\CodeIgniter.php(934): App\Controllers\Crud->index()
 5 SYSTEMPATH\CodeIgniter.php(499): CodeIgniter\CodeIgniter->runController(Object(App\Controllers\Crud))
 6 SYSTEMPATH\CodeIgniter.php(368): CodeIgniter\CodeIgniter->handleRequest(null, Object(Config\Cache), false)
 7 FCPATH\index.php(67): CodeIgniter\CodeIgniter->run()
 8 SYSTEMPATH\Commands\Server\rewrite.php(47): require_once('C:\\xampp\\htdocs\\prakwebprog\\public\\index.php')
CRITICAL - 2023-07-22 18:01:23 --> Trying to access array offset on value of type null
in APPPATH\Views\crud\edit.php on line 12.
 1 APPPATH\Views\crud\edit.php(12): CodeIgniter\Debug\Exceptions->errorHandler(8, 'Trying to access array offset on value of type null', 'C:\\xampp\\htdocs\\prakwebprog\\app\\Views\\crud\\edit.php', 12, [...])
 2 SYSTEMPATH\View\View.php(213): include('C:\\xampp\\htdocs\\prakwebprog\\app\\Views\\crud\\edit.php')
 3 SYSTEMPATH\View\View.php(216): CodeIgniter\View\View->CodeIgniter\View\{closure}()
 4 SYSTEMPATH\Common.php(1184): CodeIgniter\View\View->render('crud/edit', [], true)
 5 APPPATH\Controllers\Crud.php(57): view('crud/edit', [...])
 6 SYSTEMPATH\CodeIgniter.php(934): App\Controllers\Crud->edit('32602100103')
 7 SYSTEMPATH\CodeIgniter.php(499): CodeIgniter\CodeIgniter->runController(Object(App\Controllers\Crud))
 8 SYSTEMPATH\CodeIgniter.php(368): CodeIgniter\CodeIgniter->handleRequest(null, Object(Config\Cache), false)
 9 FCPATH\index.php(67): CodeIgniter\CodeIgniter->run()
10 SYSTEMPATH\Commands\Server\rewrite.php(47): require_once('C:\\xampp\\htdocs\\prakwebprog\\public\\index.php')
CRITICAL - 2023-07-22 18:30:16 --> Too few arguments to function App\Controllers\Crud::edit(), 0 passed in C:\xampp\htdocs\prakwebprog\vendor\codeigniter4\framework\system\CodeIgniter.php on line 934 and exactly 1 expected
in APPPATH\Controllers\Crud.php on line 50.
 1 SYSTEMPATH\CodeIgniter.php(934): App\Controllers\Crud->edit()
 2 SYSTEMPATH\CodeIgniter.php(499): CodeIgniter\CodeIgniter->runController(Object(App\Controllers\Crud))
 3 SYSTEMPATH\CodeIgniter.php(368): CodeIgniter\CodeIgniter->handleRequest(null, Object(Config\Cache), false)
 4 FCPATH\index.php(67): CodeIgniter\CodeIgniter->run()
 5 SYSTEMPATH\Commands\Server\rewrite.php(47): require_once('C:\\xampp\\htdocs\\prakwebprog\\public\\index.php')
CRITICAL - 2023-07-22 18:30:21 --> Trying to access array offset on value of type null
in APPPATH\Views\crud\edit.php on line 12.
 1 APPPATH\Views\crud\edit.php(12): CodeIgniter\Debug\Exceptions->errorHandler(8, 'Trying to access array offset on value of type null', 'C:\\xampp\\htdocs\\prakwebprog\\app\\Views\\crud\\edit.php', 12, [...])
 2 SYSTEMPATH\View\View.php(213): include('C:\\xampp\\htdocs\\prakwebprog\\app\\Views\\crud\\edit.php')
 3 SYSTEMPATH\View\View.php(216): CodeIgniter\View\View->CodeIgniter\View\{closure}()
 4 SYSTEMPATH\Common.php(1184): CodeIgniter\View\View->render('crud/edit', [], true)
 5 APPPATH\Controllers\Crud.php(57): view('crud/edit', [...])
 6 SYSTEMPATH\CodeIgniter.php(934): App\Controllers\Crud->edit('32602100124')
 7 SYSTEMPATH\CodeIgniter.php(499): CodeIgniter\CodeIgniter->runController(Object(App\Controllers\Crud))
 8 SYSTEMPATH\CodeIgniter.php(368): CodeIgniter\CodeIgniter->handleRequest(null, Object(Config\Cache), false)
 9 FCPATH\index.php(67): CodeIgniter\CodeIgniter->run()
10 SYSTEMPATH\Commands\Server\rewrite.php(47): require_once('C:\\xampp\\htdocs\\prakwebprog\\public\\index.php')
CRITICAL - 2023-07-22 18:30:22 --> Trying to access array offset on value of type null
in APPPATH\Views\crud\edit.php on line 12.
 1 APPPATH\Views\crud\edit.php(12): CodeIgniter\Debug\Exceptions->errorHandler(8, 'Trying to access array offset on value of type null', 'C:\\xampp\\htdocs\\prakwebprog\\app\\Views\\crud\\edit.php', 12, [...])
 2 SYSTEMPATH\View\View.php(213): include('C:\\xampp\\htdocs\\prakwebprog\\app\\Views\\crud\\edit.php')
 3 SYSTEMPATH\View\View.php(216): CodeIgniter\View\View->CodeIgniter\View\{closure}()
 4 SYSTEMPATH\Common.php(1184): CodeIgniter\View\View->render('crud/edit', [], true)
 5 APPPATH\Controllers\Crud.php(57): view('crud/edit', [...])
 6 SYSTEMPATH\CodeIgniter.php(934): App\Controllers\Crud->edit('32602100103')
 7 SYSTEMPATH\CodeIgniter.php(499): CodeIgniter\CodeIgniter->runController(Object(App\Controllers\Crud))
 8 SYSTEMPATH\CodeIgniter.php(368): CodeIgniter\CodeIgniter->handleRequest(null, Object(Config\Cache), false)
 9 FCPATH\index.php(67): CodeIgniter\CodeIgniter->run()
10 SYSTEMPATH\Commands\Server\rewrite.php(47): require_once('C:\\xampp\\htdocs\\prakwebprog\\public\\index.php')
CRITICAL - 2023-07-22 18:30:26 --> Too few arguments to function App\Controllers\Crud::hapus(), 0 passed in C:\xampp\htdocs\prakwebprog\vendor\codeigniter4\framework\system\CodeIgniter.php on line 934 and exactly 1 expected
in APPPATH\Controllers\Crud.php on line 74.
 1 SYSTEMPATH\CodeIgniter.php(934): App\Controllers\Crud->hapus()
 2 SYSTEMPATH\CodeIgniter.php(499): CodeIgniter\CodeIgniter->runController(Object(App\Controllers\Crud))
 3 SYSTEMPATH\CodeIgniter.php(368): CodeIgniter\CodeIgniter->handleRequest(null, Object(Config\Cache), false)
 4 FCPATH\index.php(67): CodeIgniter\CodeIgniter->run()
 5 SYSTEMPATH\Commands\Server\rewrite.php(47): require_once('C:\\xampp\\htdocs\\prakwebprog\\public\\index.php')
